#
# There is insufficient memory for the Java Runtime Environment to continue.
# Native memory allocation (mmap) failed to map 65536 bytes. Error detail: Failed to commit metaspace.
# Possible reasons:
#   The system is out of physical RAM or swap space
#   This process is running with CompressedOops enabled, and the Java Heap may be blocking the growth of the native heap
# Possible solutions:
#   Reduce memory load on the system
#   Increase physical memory or swap space
#   Check if swap backing store is full
#   Decrease Java heap size (-Xmx/-Xms)
#   Decrease number of Java threads
#   Decrease Java thread stack sizes (-Xss)
#   Set larger code cache with -XX:ReservedCodeCacheSize=
#   JVM is running with Zero Based Compressed Oops mode in which the Java heap is
#     placed in the first 32GB address space. The Java Heap base address is the
#     maximum limit for the native heap growth. Please use -XX:HeapBaseMinAddress
#     to set the Java Heap base and to place the Java Heap above 32GB virtual address.
# This output file may be truncated or incomplete.
#
#  Out of Memory Error (virtualSpaceNode.cpp:110), pid=13572, tid=3984
#
# JRE version: OpenJDK Runtime Environment Temurin-17.0.11+9 (17.0.11+9) (build 17.0.11+9)
# Java VM: OpenJDK 64-Bit Server VM Temurin-17.0.11+9 (17.0.11+9, mixed mode, emulated-client, tiered, compressed oops, compressed class ptrs, g1 gc, windows-amd64)
# No core dump will be written. Minidumps are not enabled by default on client versions of Windows
#

---------------  S U M M A R Y ------------

Command Line: -Dcom.sun.management.jmxremote -Dcom.sun.management.jmxremote.port=53080 -Dcom.sun.management.jmxremote.authenticate=false -Dcom.sun.management.jmxremote.ssl=false -Djava.rmi.server.hostname=localhost -Dspring.jmx.enabled=true -Dmanagement.endpoints.jmx.exposure.include=* -Dspring.application.admin.enabled=true -XX:TieredStopAtLevel=1 -Dspring.boot.project.name=courses-User2 -Dfile.encoding=UTF-8 -Dstdout.encoding=UTF-8 -Dstderr.encoding=UTF-8 -XX:+ShowCodeDetailsInExceptionMessages com.ust.finalproject.CoursesUserApplication --spring.output.ansi.enabled=always

Host: Intel(R) Xeon(R) Gold 6230 CPU @ 2.10GHz, 4 cores, 11G,  Windows 10 , 64 bit Build 19041 (10.0.19041.4842)
Time: Fri Nov  8 12:03:47 2024 India Standard Time elapsed time: 2.063156 seconds (0d 0h 0m 2s)

---------------  T H R E A D  ---------------

Current thread (0x0000022645775760):  JavaThread "main" [_thread_in_vm, id=3984, stack(0x00000052f3b00000,0x00000052f3c00000)]

Stack: [0x00000052f3b00000,0x00000052f3c00000]
Native frames: (J=compiled Java code, j=interpreted, Vv=VM code, C=native code)
V  [jvm.dll+0x67d429]
V  [jvm.dll+0x834b7a]
V  [jvm.dll+0x83663e]
V  [jvm.dll+0x836ca3]
V  [jvm.dll+0x247dbf]
V  [jvm.dll+0x83083b]
V  [jvm.dll+0x621d56]
V  [jvm.dll+0x621dba]
V  [jvm.dll+0x6245ea]
V  [jvm.dll+0x6226f6]
V  [jvm.dll+0x62c5c7]
V  [jvm.dll+0x1ebb1b]
V  [jvm.dll+0x1ec055]
V  [jvm.dll+0x1ecb10]
V  [jvm.dll+0x1e1f11]
V  [jvm.dll+0x54250e]
V  [jvm.dll+0x1f2957]
V  [jvm.dll+0x7ae0cb]
V  [jvm.dll+0x7af499]
V  [jvm.dll+0x417895]
C  [java.dll+0x1a55]

Java frames: (J=compiled Java code, j=interpreted, Vv=VM code)
J 1146  java.lang.ClassLoader.findBootstrapClass(Ljava/lang/String;)Ljava/lang/Class; java.base@17.0.11 (0 bytes) @ 0x000002264918cf7a [0x000002264918cf20+0x000000000000005a]
J 1150 c1 jdk.internal.loader.ClassLoaders$BootClassLoader.loadClassOrNull(Ljava/lang/String;Z)Ljava/lang/Class; java.base@17.0.11 (10 bytes) @ 0x000002264918fea4 [0x000002264918fe40+0x0000000000000064]
J 1013 c1 jdk.internal.loader.BuiltinClassLoader.loadClassOrNull(Ljava/lang/String;Z)Ljava/lang/Class; java.base@17.0.11 (143 bytes) @ 0x000002264914a8a4 [0x000002264914a500+0x00000000000003a4]
J 1151 c1 jdk.internal.loader.ClassLoaders$AppClassLoader.loadClass(Ljava/lang/String;Z)Ljava/lang/Class; java.base@17.0.11 (40 bytes) @ 0x000002264919032c [0x00000226491901e0+0x000000000000014c]
J 1148 c1 java.lang.ClassLoader.loadClass(Ljava/lang/String;)Ljava/lang/Class; java.base@17.0.11 (7 bytes) @ 0x000002264918f764 [0x000002264918f720+0x0000000000000044]
v  ~StubRoutines::call_stub
J 1284  java.lang.ClassLoader.defineClass1(Ljava/lang/ClassLoader;Ljava/lang/String;[BIILjava/security/ProtectionDomain;Ljava/lang/String;)Ljava/lang/Class; java.base@17.0.11 (0 bytes) @ 0x00000226491c86e3 [0x00000226491c8620+0x00000000000000c3]
J 1227 c1 java.lang.ClassLoader.defineClass(Ljava/lang/String;[BIILjava/security/ProtectionDomain;)Ljava/lang/Class; java.base@17.0.11 (43 bytes) @ 0x00000226491acfec [0x00000226491acee0+0x000000000000010c]
J 1230 c1 jdk.internal.loader.BuiltinClassLoader.defineClass(Ljava/lang/String;Ljdk/internal/loader/Resource;)Ljava/lang/Class; java.base@17.0.11 (121 bytes) @ 0x00000226491afef4 [0x00000226491afa20+0x00000000000004d4]
J 1229 c1 jdk.internal.loader.BuiltinClassLoader.findClassOnClassPathOrNull(Ljava/lang/String;)Ljava/lang/Class; java.base@17.0.11 (64 bytes) @ 0x00000226491aeb6c [0x00000226491ae8a0+0x00000000000002cc]
J 1013 c1 jdk.internal.loader.BuiltinClassLoader.loadClassOrNull(Ljava/lang/String;Z)Ljava/lang/Class; java.base@17.0.11 (143 bytes) @ 0x000002264914a984 [0x000002264914a500+0x0000000000000484]
J 1151 c1 jdk.internal.loader.ClassLoaders$AppClassLoader.loadClass(Ljava/lang/String;Z)Ljava/lang/Class; java.base@17.0.11 (40 bytes) @ 0x000002264919032c [0x00000226491901e0+0x000000000000014c]
J 1148 c1 java.lang.ClassLoader.loadClass(Ljava/lang/String;)Ljava/lang/Class; java.base@17.0.11 (7 bytes) @ 0x000002264918f764 [0x000002264918f720+0x0000000000000044]
v  ~StubRoutines::call_stub
j  org.springframework.boot.devtools.restart.RestartApplicationListener.onApplicationStartingEvent(Lorg/springframework/boot/context/event/ApplicationStartingEvent;)V+119
j  org.springframework.boot.devtools.restart.RestartApplicationListener.onApplicationEvent(Lorg/springframework/context/ApplicationEvent;)V+14
j  org.springframework.context.event.SimpleApplicationEventMulticaster.doInvokeListener(Lorg/springframework/context/ApplicationListener;Lorg/springframework/context/ApplicationEvent;)V+2
j  org.springframework.context.event.SimpleApplicationEventMulticaster.invokeListener(Lorg/springframework/context/ApplicationListener;Lorg/springframework/context/ApplicationEvent;)V+34
j  org.springframework.context.event.SimpleApplicationEventMulticaster.multicastEvent(Lorg/springframework/context/ApplicationEvent;Lorg/springframework/core/ResolvableType;)V+104
j  org.springframework.context.event.SimpleApplicationEventMulticaster.multicastEvent(Lorg/springframework/context/ApplicationEvent;)V+3
j  org.springframework.boot.context.event.EventPublishingRunListener.multicastInitialEvent(Lorg/springframework/context/ApplicationEvent;)V+9
j  org.springframework.boot.context.event.EventPublishingRunListener.starting(Lorg/springframework/boot/ConfigurableBootstrapContext;)V+17
j  org.springframework.boot.SpringApplicationRunListeners.lambda$starting$0(Lorg/springframework/boot/ConfigurableBootstrapContext;Lorg/springframework/boot/SpringApplicationRunListener;)V+2
j  org.springframework.boot.SpringApplicationRunListeners$$Lambda$155+0x00000008001a7a70.accept(Ljava/lang/Object;)V+8
j  java.lang.Iterable.forEach(Ljava/util/function/Consumer;)V+30 java.base@17.0.11
j  org.springframework.boot.SpringApplicationRunListeners.doWithListeners(Ljava/lang/String;Ljava/util/function/Consumer;Ljava/util/function/Consumer;)V+17
j  org.springframework.boot.SpringApplicationRunListeners.starting(Lorg/springframework/boot/ConfigurableBootstrapContext;Ljava/lang/Class;)V+15
j  org.springframework.boot.SpringApplication.run([Ljava/lang/String;)Lorg/springframework/context/ConfigurableApplicationContext;+43
j  org.springframework.boot.SpringApplication.run([Ljava/lang/Class;[Ljava/lang/String;)Lorg/springframework/context/ConfigurableApplicationContext;+9
j  org.springframework.boot.SpringApplication.run(Ljava/lang/Class;[Ljava/lang/String;)Lorg/springframework/context/ConfigurableApplicationContext;+9
j  com.ust.finalproject.CoursesUserApplication.main([Ljava/lang/String;)V+3
v  ~StubRoutines::call_stub

Compiled method (n/a)    2094 1146     n 0       java.lang.ClassLoader::findBootstrapClass (native)
 total in heap  [0x000002264918cd90,0x000002264918d200] = 1136
 relocation     [0x000002264918cee8,0x000002264918cf20] = 56
 main code      [0x000002264918cf20,0x000002264918d200] = 736

[Constant Pool (empty)]

[MachCode]
[Entry Point]
  # {method} {0x0000022656023ee0} 'findBootstrapClass' '(Ljava/lang/String;)Ljava/lang/Class;' in 'java/lang/ClassLoader'
  # parm0:    rdx:rdx   = 'java/lang/String'
  #           [sp+0x70]  (sp of caller)
  0x000002264918cf20: 448b 5208 | 49bb 0000 | 0000 0800 | 0000 4d03 | d349 3bc2 | 0f84 0600 

  0x000002264918cf38: ;   {runtime_call ic_miss_stub}
  0x000002264918cf38: 0000 e941 | 46d0 ff90 
[Verified Entry Point]
  0x000002264918cf40: 8984 2400 | 90ff ff55 | 488b ec48 | 83ec 6048 | 8954 2420 | 4883 fa00 | 4c8d 4424 | 204c 0f44 
  0x000002264918cf60: ;   {oop(a 'java/lang/Class'{0x00000007405b32d8} = 'java/lang/ClassLoader')}
  0x000002264918cf60: 4424 2049 | bed8 325b | 4007 0000 | 004c 8974 | 2450 4c8d | 7424 5049 | 8bd6 c5f8 

  0x000002264918cf7c: ;   {internal_word}
  0x000002264918cf7c: 7749 ba7a | cf18 4926 | 0200 004d | 8997 a002 | 0000 4989 | a798 0200 

  0x000002264918cf94: ;   {external_word}
  0x000002264918cf94: 0049 ba58 | 35cf 15fc | 7f00 0041 | 803a 000f | 844e 0000 | 0052 4150 

  0x000002264918cfac: ;   {metadata({method} {0x0000022656023ee0} 'findBootstrapClass' '(Ljava/lang/String;)Ljava/lang/Class;' in 'java/lang/ClassLoader')}
  0x000002264918cfac: 48ba d83e | 0256 2602 | 0000 498b | cf48 83ec | 20f7 c40f | 0000 000f | 841a 0000 | 0048 83ec 
  0x000002264918cfcc: ;   {runtime_call}
  0x000002264918cfcc: 0849 ba60 | 3185 15fc | 7f00 0041 | ffd2 4883 | c408 e90d 

  0x000002264918cfe0: ;   {runtime_call}
  0x000002264918cfe0: 0000 0049 | ba60 3185 | 15fc 7f00 | 0041 ffd2 | 4883 c420 | 4158 5a49 | 8d8f b802 | 0000 41c7 
  0x000002264918d000: 8748 0300 | 0004 0000 

  0x000002264918d008: ;   {runtime_call}
  0x000002264918d008: 0049 bad8 | 1912 15fc | 7f00 0041 | ffd2 c5f8 | 7741 c787 | 4803 0000 | 0500 0000 | f083 4424 
  0x000002264918d028: c000 493b | af50 0300 | 000f 8711 | 0000 0041 | 81bf 3803 | 0000 0000 | 0000 0f84 | 2c00 0000 
  0x000002264918d048: c5f8 7748 | 8945 f849 | 8bcf 4c8b | e448 83ec | 2048 83e4 

  0x000002264918d05c: ;   {runtime_call}
  0x000002264918d05c: f049 bac0 | 4595 15fc | 7f00 0041 | ffd2 498b | e44d 33e4 | 488b 45f8 | 41c7 8748 | 0300 0008 
  0x000002264918d07c: 0000 0041 | 81bf b803 | 0000 0200 | 0000 0f84 | 3f01 0000 

  0x000002264918d090: ;   {external_word}
  0x000002264918d090: 49ba 5835 | cf15 fc7f | 0000 4180 | 3a00 0f84 | 5000 0000 | 4889 45f8 

  0x000002264918d0a8: ;   {metadata({method} {0x0000022656023ee0} 'findBootstrapClass' '(Ljava/lang/String;)Ljava/lang/Class;' in 'java/lang/ClassLoader')}
  0x000002264918d0a8: 48ba d83e | 0256 2602 | 0000 498b | cf48 83ec | 20f7 c40f | 0000 000f | 841a 0000 | 0048 83ec 
  0x000002264918d0c8: ;   {runtime_call}
  0x000002264918d0c8: 0849 ba60 | 3185 15fc | 7f00 0041 | ffd2 4883 | c408 e90d 

  0x000002264918d0dc: ;   {runtime_call}
  0x000002264918d0dc: 0000 0049 | ba60 3185 | 15fc 7f00 | 0041 ffd2 | 4883 c420 | 488b 45f8 | 49c7 8798 | 0200 0000 
  0x000002264918d0fc: 0000 0049 | c787 a002 | 0000 0000 | 0000 c5f8 | 7748 85c0 | 0f84 9300 | 0000 48f7 | c001 0000 
  0x000002264918d11c: 000f 8483 | 0000 0048 | 8b40 ff41 | 807f 3800 | 0f84 6f00 | 0000 4883 | f800 0f84 | 6500 0000 
  0x000002264918d13c: 498b 4f20 | 4883 f900 | 0f84 1400 | 0000 4883 | e908 4989 | 4f20 4903 | 4f30 4889 | 01e9 4300 
  0x000002264918d15c: 0000 5049 | 8bd7 488b | c848 83ec | 20f7 c40f | 0000 000f | 841a 0000 | 0048 83ec 

  0x000002264918d178: ;   {runtime_call}
  0x000002264918d178: 0849 ba60 | 4d44 15fc | 7f00 0041 | ffd2 4883 | c408 e90d 

  0x000002264918d18c: ;   {runtime_call}
  0x000002264918d18c: 0000 0049 | ba60 4d44 | 15fc 7f00 | 0041 ffd2 | 4883 c420 | 58e9 0300 | 0000 488b | 0049 8b8f 
  0x000002264918d1ac: d800 0000 | c781 0001 | 0000 0000 | 0000 c949 | 817f 0800 | 0000 000f | 8501 0000 

  0x000002264918d1c8: ;   {runtime_call StubRoutines (1)}
  0x000002264918d1c8: 00c3 e931 | 3dcb ffc5 | f877 4889 | 45f8 4c8b | e448 83ec | 2048 83e4 

  0x000002264918d1e0: ;   {runtime_call}
  0x000002264918d1e0: f049 bae0 | 6185 15fc | 7f00 0041 | ffd2 498b | e44d 33e4 | 488b 45f8 | e993 feff | fff4 f4f4 
[/MachCode]


Compiled method (c1)    2100 1150       1       jdk.internal.loader.ClassLoaders$BootClassLoader::loadClassOrNull (10 bytes)
 total in heap  [0x000002264918fc90,0x000002264918ffe8] = 856
 relocation     [0x000002264918fde8,0x000002264918fe28] = 64
 main code      [0x000002264918fe40,0x000002264918ff00] = 192
 stub code      [0x000002264918ff00,0x000002264918ff58] = 88
 metadata       [0x000002264918ff58,0x000002264918ff70] = 24
 scopes data    [0x000002264918ff70,0x000002264918ffa0] = 48
 scopes pcs     [0x000002264918ffa0,0x000002264918ffe0] = 64
 dependencies   [0x000002264918ffe0,0x000002264918ffe8] = 8

[Constant Pool (empty)]

[MachCode]
[Entry Point]
  # {method} {0x00000226562bc470} 'loadClassOrNull' '(Ljava/lang/String;Z)Ljava/lang/Class;' in 'jdk/internal/loader/ClassLoaders$BootClassLoader'
  # this:     rdx:rdx   = 'jdk/internal/loader/ClassLoaders$BootClassLoader'
  # parm0:    r8:r8     = 'java/lang/String'
  # parm1:    r9        = boolean
  #           [sp+0x60]  (sp of caller)
  0x000002264918fe40: 448b 5208 | 49bb 0000 | 0000 0800 | 0000 4d03 | d34c 3bd0 

  0x000002264918fe54: ;   {runtime_call ic_miss_stub}
  0x000002264918fe54: 0f85 2617 | d0ff 660f | 1f44 0000 
[Verified Entry Point]
  0x000002264918fe60: 8984 2400 | 90ff ff55 | 4883 ec50 | 498b d04c | 8944 2438 

  0x000002264918fe74: ;   {static_call}
  0x000002264918fe74: 6666 90e8 

  0x000002264918fe78: ; ImmutableOopMap {[56]=Oop }
                      ;*invokestatic checkName {reexecute=0 rethrow=0 return_oop=0}
                      ; - java.lang.ClassLoader::findBootstrapClassOrNull@1 (line 1265)
                      ; - java.lang.System$2::findBootstrapClassOrNull@1 (line 2314)
                      ; - jdk.internal.loader.ClassLoaders$BootClassLoader::loadClassOrNull@4 (line 140)
  0x000002264918fe78: e458 faff | 83f8 000f | 850f 0000 

  0x000002264918fe84: ;   {oop(NULL)}
  0x000002264918fe84: 0048 be00 | 0000 0000 | 0000 00e9 | 1300 0000 | 4c8b 4424 | 3849 8bd0 

  0x000002264918fe9c: ;   {static_call}
  0x000002264918fe9c: 6666 90e8 

  0x000002264918fea0: ; ImmutableOopMap {}
                      ;*invokestatic findBootstrapClass {reexecute=0 rethrow=0 return_oop=0}
                      ; - java.lang.ClassLoader::findBootstrapClassOrNull@10 (line 1267)
                      ; - java.lang.System$2::findBootstrapClassOrNull@1 (line 2314)
                      ; - jdk.internal.loader.ClassLoaders$BootClassLoader::loadClassOrNull@4 (line 140)
  0x000002264918fea0: 9cd0 ffff | 488b f048 | 8bc6 4883 

  0x000002264918feac: ;   {poll_return}
  0x000002264918feac: c450 5d49 | 3ba7 5003 | 0000 0f87 | 0100 0000 

  0x000002264918febc: ;   {internal_word}
  0x000002264918febc: c349 baaf | fe18 4926 | 0200 004d | 8997 6803 

  0x000002264918fecc: ;   {runtime_call SafepointBlob}
  0x000002264918fecc: 0000 e9ad | 90d0 ff90 | 9049 8b87 | e003 0000 | 49c7 87e0 | 0300 0000 | 0000 0049 | c787 e803 
  0x000002264918feec: 0000 0000 | 0000 4883 

  0x000002264918fef4: ;   {runtime_call unwind_exception Runtime1 stub}
  0x000002264918fef4: c450 5de9 | 041c daff | f4f4 f4f4 
[Stub Code]
  0x000002264918ff00: ;   {no_reloc}
  0x000002264918ff00: 0f1f 4400 

  0x000002264918ff04: ;   {static_stub}
  0x000002264918ff04: 0048 bb00 | 0000 0000 

  0x000002264918ff0c: ;   {runtime_call}
  0x000002264918ff0c: 0000 00e9 | fbff ffff 

  0x000002264918ff14: ;   {static_stub}
  0x000002264918ff14: 9048 bb00 | 0000 0000 

  0x000002264918ff1c: ;   {runtime_call}
  0x000002264918ff1c: 0000 00e9 | fbff ffff 
[Exception Handler]
  0x000002264918ff24: ;   {runtime_call handle_exception_from_callee Runtime1 stub}
  0x000002264918ff24: e8d7 50da 

  0x000002264918ff28: ;   {external_word}
  0x000002264918ff28: ff48 b930 | 9aa9 15fc | 7f00 0048 

  0x000002264918ff34: ;   {runtime_call}
  0x000002264918ff34: 83e4 f049 | ba40 2b72 | 15fc 7f00 | 0041 ffd2 

  0x000002264918ff44: ;   {section_word}
  0x000002264918ff44: f449 ba45 | ff18 4926 | 0200 0041 

  0x000002264918ff50: ;   {runtime_call DeoptimizationBlob}
  0x000002264918ff50: 52e9 caa4 | d0ff f4f4 
[/MachCode]


Compiled method (c1)    2103 1013   !   1       jdk.internal.loader.BuiltinClassLoader::loadClassOrNull (143 bytes)
 total in heap  [0x000002264914a290,0x000002264914b408] = 4472
 relocation     [0x000002264914a3e8,0x000002264914a4f8] = 272
 main code      [0x000002264914a500,0x000002264914abc0] = 1728
 stub code      [0x000002264914abc0,0x000002264914acd8] = 280
 metadata       [0x000002264914acd8,0x000002264914ad60] = 136
 scopes data    [0x000002264914ad60,0x000002264914afa8] = 584
 scopes pcs     [0x000002264914afa8,0x000002264914b188] = 480
 dependencies   [0x000002264914b188,0x000002264914b1a0] = 24
 handler table  [0x000002264914b1a0,0x000002264914b3c8] = 552
 nul chk table  [0x000002264914b3c8,0x000002264914b408] = 64

[Constant Pool (empty)]

[MachCode]
[Entry Point]
  # {method} {0x00000226560e3668} 'loadClassOrNull' '(Ljava/lang/String;Z)Ljava/lang/Class;' in 'jdk/internal/loader/BuiltinClassLoader'
  # this:     rdx:rdx   = 'jdk/internal/loader/BuiltinClassLoader'
  # parm0:    r8:r8     = 'java/lang/String'
  # parm1:    r9        = boolean
  #           [sp+0x110]  (sp of caller)
  0x000002264914a500: 448b 5208 | 49bb 0000 | 0000 0800 | 0000 4d03 | d34c 3bd0 

  0x000002264914a514: ;   {runtime_call ic_miss_stub}
  0x000002264914a514: 0f85 6670 | d4ff 660f | 1f44 0000 
[Verified Entry Point]
  0x000002264914a520: 8984 2400 | 90ff ff55 | 4881 ec00 | 0100 0048 | 8994 24a0 | 0000 004c | 8984 2498 | 0000 008b 
  0x000002264914a540: 5a28 48c1 | e303 4883 | fb00 0f85 | 1000 0000 | 488b f244 | 898c 24a8 | 0000 00e9 | 9900 0000 
  0x000002264914a560: 4489 8c24 | a800 0000 

  0x000002264914a568: ;   {metadata('java/lang/Object')}
  0x000002264914a568: 48ba 800f | 0400 0800 | 0000 498b | 8708 0100 | 0048 8d78 | 1049 3bbf | 1801 0000 | 0f87 3b05 
  0x000002264914a588: 0000 4989 | bf08 0100 | 0048 c700 | 0100 0000 | 488b ca49 | ba00 0000 | 0008 0000 | 0049 2bca 
  0x000002264914a5a8: 8948 0848 | 33c9 8948 | 0c48 33c9 

  0x000002264914a5b4: ; implicit exception: dispatches to 0x000002264914aad2
  0x000002264914a5b4: 483b 0349 | 8bf0 4c8b | c64c 8bc8 | bf01 0000 | 0048 8bd3 | 4889 8424 | 9000 0000 | 0f1f 8000 
  0x000002264914a5d4: ;   {optimized virtual_call}
  0x000002264914a5d4: 0000 00e8 

  0x000002264914a5d8: ; ImmutableOopMap {[152]=Oop [144]=Oop [160]=Oop }
                      ;*invokevirtual putVal {reexecute=0 rethrow=0 return_oop=0}
                      ; - java.util.concurrent.ConcurrentHashMap::putIfAbsent@4 (line 1541)
                      ; - java.lang.ClassLoader::getClassLoadingLock@23 (line 671)
                      ; - jdk.internal.loader.BuiltinClassLoader::loadClassOrNull@2 (line 651)
  0x000002264914a5d8: e4c4 e0ff | 4883 f800 | 0f84 0800 | 0000 488b | f0e9 0b00 | 0000 488b | 8424 9000 | 0000 488b 
  0x000002264914a5f8: f048 8d94 | 24e0 0000 | 0048 8972 | 0848 8b06 | 4883 c801 | 4889 02f0 | 480f b116 | 0f84 1300 
  0x000002264914a618: 0000 482b | c448 81e0 | 07f0 ffff | 4889 020f | 85af 0400 | 0048 8b94 | 2498 0000 | 0048 89b4 
  0x000002264914a638: 24b0 0000 

  0x000002264914a63c: ;   {static_call}
  0x000002264914a63c: 0066 90e8 

  0x000002264914a640: ; ImmutableOopMap {[152]=Oop [160]=Oop [176]=Oop [232]=Oop }
                      ;*invokestatic checkName {reexecute=0 rethrow=0 return_oop=0}
                      ; - java.lang.ClassLoader::findLoadedClass@1 (line 1288)
                      ; - jdk.internal.loader.BuiltinClassLoader::loadClassOrNull@10 (line 653)
  0x000002264914a640: 1cb1 feff | 83f8 000f | 850f 0000 

  0x000002264914a64c: ;   {oop(NULL)}
  0x000002264914a64c: 0048 be00 | 0000 0000 | 0000 00e9 | 1b00 0000 | 4c8b 8424 | 9800 0000 | 488b 9424 | a000 0000 
  0x000002264914a66c: ;   {optimized virtual_call}
  0x000002264914a66c: 6666 90e8 

  0x000002264914a670: ; ImmutableOopMap {[152]=Oop [160]=Oop [176]=Oop [232]=Oop }
                      ;*invokevirtual findLoadedClass0 {reexecute=0 rethrow=0 return_oop=0}
                      ; - java.lang.ClassLoader::findLoadedClass@11 (line 1290)
                      ; - jdk.internal.loader.BuiltinClassLoader::loadClassOrNull@10 (line 653)
  0x000002264914a670: cce5 ffff | 488b f048 | 83fe 000f | 8506 0300 | 0048 89b4 | 24b8 0000 | 004c 8b84 | 2498 0000 
  0x000002264914a690: 0041 8b48 | 1448 c1e1 | 0344 8b49 | 0c41 0fbe | 4810 c1e1 | 18c1 f918 | 41d3 f941 | ffc9 498b 
  0x000002264914a6b0: f841 b82e | 0000 0048 | 8bd7 0f1f 

  0x000002264914a6bc: ;   {optimized virtual_call}
  0x000002264914a6bc: 4400 00e8 

  0x000002264914a6c0: ; ImmutableOopMap {[176]=Oop [160]=Oop [152]=Oop [184]=Oop [232]=Oop }
                      ;*invokevirtual lastIndexOf {reexecute=0 rethrow=0 return_oop=0}
                      ; - java.lang.String::lastIndexOf@8 (line 2451)
                      ; - jdk.internal.loader.BuiltinClassLoader::findLoadedModule@3 (line 709)
                      ; - jdk.internal.loader.BuiltinClassLoader::loadClassOrNull@22 (line 658)
  0x000002264914a6c0: 9c72 e6ff | 83f8 000f | 8d0f 0000 

  0x000002264914a6cc: ;   {oop(NULL)}
  0x000002264914a6cc: 0048 be00 | 0000 0000 | 0000 00e9 | 6900 0000 | 41b8 0000 | 0000 4c8b | c848 8b94 | 2498 0000 
  0x000002264914a6ec: ;   {optimized virtual_call}
  0x000002264914a6ec: 0066 90e8 

  0x000002264914a6f0: ; ImmutableOopMap {[176]=Oop [160]=Oop [152]=Oop [184]=Oop [232]=Oop }
                      ;*invokevirtual substring {reexecute=0 rethrow=0 return_oop=0}
                      ; - jdk.internal.loader.BuiltinClassLoader::findLoadedModule@16 (line 713)
                      ; - jdk.internal.loader.BuiltinClassLoader::loadClassOrNull@22 (line 658)
  0x000002264914a6f0: 0cb6 e2ff 

  0x000002264914a6f4: ;   {oop(a 'java/util/concurrent/ConcurrentHashMap'{0x000000074058a798})}
  0x000002264914a6f4: 4c8b c048 | ba98 a758 | 4007 0000 | 0066 0f1f 

  0x000002264914a704: ;   {optimized virtual_call}
  0x000002264914a704: 4400 00e8 

  0x000002264914a708: ; ImmutableOopMap {[176]=Oop [160]=Oop [152]=Oop [184]=Oop [232]=Oop }
                      ;*invokeinterface get {reexecute=0 rethrow=0 return_oop=0}
                      ; - jdk.internal.loader.BuiltinClassLoader::findLoadedModule@24 (line 714)
                      ; - jdk.internal.loader.BuiltinClassLoader::loadClassOrNull@22 (line 658)
  0x000002264914a708: 148a e1ff | 4883 f800 | 0f84 2900 

  0x000002264914a714: ;   {metadata('jdk/internal/loader/BuiltinClassLoader$LoadedModule')}
  0x000002264914a714: 0000 48be | c8db 0700 | 0800 0000 | 448b 4808 | 49ba 0000 | 0000 0800 | 0000 4d03 | ca49 3bf1 
  0x000002264914a734: 0f85 bf03 | 0000 e900 | 0000 004c | 8bc0 498b | f048 83fe | 0048 8b94 | 24a0 0000 | 000f 8455 
  0x000002264914a754: 0100 008b | 7e0c 48c1 | e703 483b | fa0f 8516 

  0x000002264914a764: ;   {oop(a 'java/lang/Class'{0x000000074059baa8} = 'jdk/internal/misc/VM')}
  0x000002264914a764: 0100 0049 | b8a8 ba59 | 4007 0000 | 0045 8b80 | 9400 0000 | 4183 f802 | 41b8 0000 | 0000 0f8c 
  0x000002264914a784: 0600 0000 | 41b8 0100 | 0000 4183 | e001 4183 | f800 0f85 | 0d00 0000 | 488b b424 | b800 0000 
  0x000002264914a7a4: e9de 0100 

  0x000002264914a7a8: ;   {oop(a 'java/lang/Class'{0x00000007405b30f0} = 'java/lang/System')}
  0x000002264914a7a8: 0049 b8f0 | 305b 4007 | 0000 0045 | 8b40 7c49 | c1e0 0349 | 83f8 000f | 851c 0000 | 004c 8b84 
  0x000002264914a7c8: 2498 0000 | 004c 8bce | 488b f248 

  0x000002264914a7d4: ;   {optimized virtual_call}
  0x000002264914a7d4: 8bd6 90e8 

  0x000002264914a7d8: ; ImmutableOopMap {[176]=Oop [160]=Oop [232]=Oop }
                      ;*invokevirtual defineClass {reexecute=0 rethrow=0 return_oop=0}
                      ; - jdk.internal.loader.BuiltinClassLoader::findClassInModuleOrNull@9 (line 741)
                      ; - jdk.internal.loader.BuiltinClassLoader::loadClassOrNull@55 (line 665)
  0x000002264914a7d8: 2473 d4ff | e994 0000 | 000f 1f80 | 0000 0000 

  0x000002264914a7e8: ;   {no_reloc}
  0x000002264914a7e8: e929 0300 | 0090 9090 | 9090 488b | 9424 a000 | 0000 4c8b | 8424 9800 | 0000 4c8b 

  0x000002264914a804: ;   {static_call}
  0x000002264914a804: ce66 90e8 

  0x000002264914a808: ; ImmutableOopMap {[176]=Oop [160]=Oop [232]=Oop }
                      ;*invokedynamic {reexecute=0 rethrow=0 return_oop=0}
                      ; - jdk.internal.loader.BuiltinClassLoader::findClassInModuleOrNull@16 (line 743)
                      ; - jdk.internal.loader.BuiltinClassLoader::loadClassOrNull@55 (line 665)
  0x000002264914a808: f47d d4ff | 4889 8424 | c000 0000 

  0x000002264914a814: ;   {static_call}
  0x000002264914a814: 6666 90e8 

  0x000002264914a818: ; ImmutableOopMap {[176]=Oop [160]=Oop [192]=Oop [232]=Oop }
                      ;*invokestatic getCallerClass {reexecute=0 rethrow=0 return_oop=0}
                      ; - java.security.AccessController::doPrivileged@2 (line 318)
                      ; - jdk.internal.loader.BuiltinClassLoader::findClassInModuleOrNull@23 (line 744)
                      ; - jdk.internal.loader.BuiltinClassLoader::loadClassOrNull@55 (line 665)
  0x000002264914a818: e47d d4ff | 488b 9424 | c000 0000 | 4889 8424 | c800 0000 | 9048 b8ff | ffff ffff 

  0x000002264914a834: ;   {virtual_call}
  0x000002264914a834: ffff ffe8 

  0x000002264914a838: ; ImmutableOopMap {[176]=Oop [160]=Oop [200]=Oop [232]=Oop }
                      ;*invokeinterface run {reexecute=0 rethrow=0 return_oop=0}
                      ; - java.security.AccessController::executePrivileged@29 (line 776)
                      ; - java.security.AccessController::doPrivileged@5 (line 318)
                      ; - jdk.internal.loader.BuiltinClassLoader::findClassInModuleOrNull@23 (line 744)
                      ; - jdk.internal.loader.BuiltinClassLoader::loadClassOrNull@55 (line 665)
  0x000002264914a838: 4478 d4ff | 4883 f800 | 0f84 2900 

  0x000002264914a844: ;   {metadata('java/lang/Class')}
  0x000002264914a844: 0000 48be | c827 0400 | 0800 0000 | 448b 4808 | 49ba 0000 | 0000 0800 | 0000 4d03 | ca49 3bf1 
  0x000002264914a864: 0f85 b602 | 0000 e900 | 0000 004c | 8bc0 498b | c048 8bf0 | e90a 0100 | 0048 3b07 | 4c8b 8424 
  0x000002264914a884: 9800 0000 | 41b9 0000 | 0000 488b | d70f 1f40 | 0048 b8ff | ffff ffff 

  0x000002264914a89c: ;   {virtual_call}
  0x000002264914a89c: ffff ffe8 

  0x000002264914a8a0: ; ImmutableOopMap {[176]=Oop [160]=Oop [232]=Oop }
                      ;*invokevirtual loadClassOrNull {reexecute=0 rethrow=0 return_oop=0}
                      ; - jdk.internal.loader.BuiltinClassLoader::loadClassOrNull@3 (line 700)
                      ; - jdk.internal.loader.BuiltinClassLoader::loadClassOrNull@66 (line 669)
  0x000002264914a8a0: 7c3b d4ff | 488b f0e9 | db00 0000 | 8b72 5448 | c1e6 0348 | 83fe 000f | 850d 0000 | 0048 8bb4 
  0x000002264914a8c0: 24b8 0000 | 00e9 2d00 | 0000 483b | 064c 8b84 | 2498 0000 | 0041 b900 | 0000 0048 | 8bd6 0f1f 
  0x000002264914a8e0: 8000 0000 | 0048 b830 | 1805 0008 

  0x000002264914a8ec: ;   {virtual_call}
  0x000002264914a8ec: 0000 00e8 

  0x000002264914a8f0: ; ImmutableOopMap {[176]=Oop [152]=Oop [160]=Oop [232]=Oop }
                      ;*invokevirtual loadClassOrNull {reexecute=0 rethrow=0 return_oop=0}
                      ; - jdk.internal.loader.BuiltinClassLoader::loadClassOrNull@3 (line 700)
                      ; - jdk.internal.loader.BuiltinClassLoader::loadClassOrNull@86 (line 676)
  0x000002264914a8f0: 2c36 d4ff | 488b f048 | 83fe 000f | 8586 0000 | 0048 8b94 | 24a0 0000 | 0044 8b42 | 5849 c1e0 
  0x000002264914a910: 0349 83f8 | 0041 b800 | 0000 000f | 8406 0000 | 0041 b801 | 0000 0041 | 83e0 0141 | 83f8 000f 
  0x000002264914a930: 8452 0000 

  0x000002264914a934: ;   {oop(a 'java/lang/Class'{0x000000074059baa8} = 'jdk/internal/misc/VM')}
  0x000002264914a934: 0049 b8a8 | ba59 4007 | 0000 0045 | 8b80 9400 | 0000 4183 | f802 41b8 | 0000 0000 | 0f8c 0600 
  0x000002264914a954: 0000 41b8 | 0100 0000 | 4183 e001 | 4183 f800 | 0f84 1d00 | 0000 4c8b | 8424 9800 | 0000 488b 
  0x000002264914a974: f248 8bd6 | 0f1f 8000 

  0x000002264914a97c: ;   {optimized virtual_call}
  0x000002264914a97c: 0000 00e8 

  0x000002264914a980: ; ImmutableOopMap {[176]=Oop [160]=Oop [232]=Oop }
                      ;*invokevirtual findClassOnClassPathOrNull {reexecute=0 rethrow=0 return_oop=0}
                      ; - jdk.internal.loader.BuiltinClassLoader::loadClassOrNull@111 (line 681)
  0x000002264914a980: 3c3f 0600 | 488b f044 | 8b8c 24a8 | 0000 0041 | 83f9 000f | 8414 0000 | 0048 83fe | 000f 840a 
  0x000002264914a9a0: 0000 0048 | 83fe 000f | 843c 0000 | 0048 8d84 | 24e0 0000 | 0048 8b10 | 4885 d20f | 840f 0000 
  0x000002264914a9c0: 0048 8b78 | 08f0 480f | b117 0f85 | 6301 0000 | 488b c648 | 81c4 0001 

  0x000002264914a9d8: ;   {poll_return}
  0x000002264914a9d8: 0000 5d49 | 3ba7 5003 | 0000 0f87 | 6101 0000 | c348 89b4 | 24d8 0000 

  0x000002264914a9f0: ;   {metadata('java/lang/NullPointerException')}
  0x000002264914a9f0: 0048 ba80 | 8f05 0008 | 0000 0049 | 8b87 0801 | 0000 488d | 7830 493b | bf18 0100 | 000f 874c 
  0x000002264914aa10: 0100 0049 | 89bf 0801 | 0000 48c7 | 0001 0000 | 0048 8bca | 49ba 0000 | 0000 0800 | 0000 492b 
  0x000002264914aa30: ca89 4808 | 4833 c989 | 480c 4833 | c948 8948 | 1048 8948 | 1848 8948 | 2048 8948 | 2848 8bd0 
  0x000002264914aa50: 4889 8424 | d000 0000 | 0f1f 8000 

  0x000002264914aa5c: ;   {optimized virtual_call}
  0x000002264914aa5c: 0000 00e8 

  0x000002264914aa60: ; ImmutableOopMap {[176]=Oop [208]=Oop [216]=Oop [232]=Oop }
                      ;*invokespecial <init> {reexecute=0 rethrow=0 return_oop=0}
                      ; - java.lang.ClassLoader::resolveClass@8 (line 1228)
                      ; - jdk.internal.loader.BuiltinClassLoader::loadClassOrNull@128 (line 688)
  0x000002264914aa60: 9c70 d4ff | 488b 8424 

  0x000002264914aa68: ; ImmutableOopMap {[176]=Oop [216]=Oop [232]=Oop rax=Oop }
                      ;*athrow {reexecute=1 rethrow=0 return_oop=0}
                      ; - (reexecute) java.lang.ClassLoader::resolveClass@11 (line 1228)
                      ; - jdk.internal.loader.BuiltinClassLoader::loadClassOrNull@128 (line 688)
  0x000002264914aa68: d000 0000 

  0x000002264914aa6c: ;   {section_word}
  0x000002264914aa6c: 48ba 6caa | 1449 2602 

  0x000002264914aa74: ;   {runtime_call handle_exception_nofpu Runtime1 stub}
  0x000002264914aa74: 0000 e885 | 9ede ff90 | 498b 87e0 | 0300 004d | 33d2 4d89 | 97e0 0300 | 004d 33d2 | 4d89 97e8 
  0x000002264914aa94: 0300 0048 | 8bf0 488d | 8424 e000 | 0000 488b | 3848 85ff | 0f84 0f00 | 0000 488b | 5808 f048 
  0x000002264914aab4: 0fb1 3b0f | 85af 0000 | 0048 8bc6 | e9dc 0000 | 0048 8bd2 

  0x000002264914aac8: ;   {runtime_call fast_new_instance Runtime1 stub}
  0x000002264914aac8: e833 8ade 

  0x000002264914aacc: ; ImmutableOopMap {r8=Oop [152]=Oop rbx=Oop [160]=Oop }
                      ;*new {reexecute=0 rethrow=0 return_oop=0}
                      ; - java.lang.ClassLoader::getClassLoadingLock@9 (line 670)
                      ; - jdk.internal.loader.BuiltinClassLoader::loadClassOrNull@2 (line 651)
  0x000002264914aacc: ffe9 e2fa 

  0x000002264914aad0: ;   {runtime_call throw_null_pointer_exception Runtime1 stub}
  0x000002264914aad0: ffff e849 

  0x000002264914aad4: ; ImmutableOopMap {r8=Oop [152]=Oop rbx=Oop [160]=Oop rax=Oop }
                      ;*invokevirtual putIfAbsent {reexecute=0 rethrow=0 return_oop=0}
                      ; - java.lang.ClassLoader::getClassLoadingLock@23 (line 671)
                      ; - jdk.internal.loader.BuiltinClassLoader::loadClassOrNull@2 (line 651)
                      ;   {runtime_call throw_null_pointer_exception Runtime1 stub}
  0x000002264914aad4: 7fde ffe8 

  0x000002264914aad8: ; ImmutableOopMap {[152]=Oop [160]=Oop rsi=Oop }
                      ;*monitorenter {reexecute=0 rethrow=0 return_oop=0}
                      ; - jdk.internal.loader.BuiltinClassLoader::loadClassOrNull@7 (line 651)
  0x000002264914aad8: 447f deff | 4889 7424 | 0848 8914 

  0x000002264914aae4: ;   {runtime_call monitorenter_nofpu Runtime1 stub}
  0x000002264914aae4: 24e8 96b7 

  0x000002264914aae8: ; ImmutableOopMap {[152]=Oop [160]=Oop rsi=Oop [232]=Oop }
                      ;*monitorenter {reexecute=0 rethrow=0 return_oop=0}
                      ; - jdk.internal.loader.BuiltinClassLoader::loadClassOrNull@7 (line 651)
  0x000002264914aae8: deff e93e 

  0x000002264914aaec: ;   {runtime_call throw_null_pointer_exception Runtime1 stub}
  0x000002264914aaec: fbff ffe8 

  0x000002264914aaf0: ; ImmutableOopMap {[176]=Oop r8=Oop [152]=Oop [184]=Oop [160]=Oop [232]=Oop }
                      ;*invokevirtual lastIndexOf {reexecute=0 rethrow=0 return_oop=0}
                      ; - jdk.internal.loader.BuiltinClassLoader::findLoadedModule@3 (line 709)
                      ; - jdk.internal.loader.BuiltinClassLoader::loadClassOrNull@22 (line 658)
  0x000002264914aaf0: 2c7f deff 

  0x000002264914aaf4: ;   {runtime_call throw_null_pointer_exception Runtime1 stub}
  0x000002264914aaf4: e827 7fde 

  0x000002264914aaf8: ; ImmutableOopMap {[176]=Oop r8=Oop [152]=Oop [184]=Oop [160]=Oop [232]=Oop }
                      ;*arraylength {reexecute=0 rethrow=0 return_oop=0}
                      ; - java.lang.String::length@4 (line 1481)
                      ; - java.lang.String::lastIndexOf@3 (line 2451)
                      ; - jdk.internal.loader.BuiltinClassLoader::findLoadedModule@3 (line 709)
                      ; - jdk.internal.loader.BuiltinClassLoader::loadClassOrNull@22 (line 658)
  0x000002264914aaf8: ff48 8904 

  0x000002264914aafc: ;   {runtime_call throw_class_cast_exception Runtime1 stub}
  0x000002264914aafc: 24e8 1eab 

  0x000002264914ab00: ; ImmutableOopMap {[176]=Oop [160]=Oop [152]=Oop [184]=Oop [232]=Oop }
                      ;*checkcast {reexecute=0 rethrow=0 return_oop=0}
                      ; - jdk.internal.loader.BuiltinClassLoader::findLoadedModule@29 (line 714)
                      ; - jdk.internal.loader.BuiltinClassLoader::loadClassOrNull@22 (line 658)
                      ;   {runtime_call throw_null_pointer_exception Runtime1 stub}
  0x000002264914ab00: deff e819 

  0x000002264914ab04: ; ImmutableOopMap {[176]=Oop [152]=Oop [184]=Oop rsi=Oop rdx=Oop [160]=Oop [232]=Oop }
                      ;*invokevirtual loader {reexecute=0 rethrow=0 return_oop=0}
                      ; - jdk.internal.loader.BuiltinClassLoader::loadClassOrNull@34 (line 662)
  0x000002264914ab04: 7fde ff48 | bf00 0000 | 0000 0000 | 00b8 000f 

  0x000002264914ab14: ;   {runtime_call load_appendix_patching Runtime1 stub}
  0x000002264914ab14: 050a e8e5 

  0x000002264914ab18: ; ImmutableOopMap {[176]=Oop [152]=Oop rsi=Oop [160]=Oop [232]=Oop }
                      ;*invokedynamic {reexecute=1 rethrow=0 return_oop=0}
                      ; - (reexecute) jdk.internal.loader.BuiltinClassLoader::findClassInModuleOrNull@16 (line 743)
                      ; - jdk.internal.loader.BuiltinClassLoader::loadClassOrNull@55 (line 665)
  0x000002264914ab18: d7de ffe9 | c8fc ffff | 4889 0424 

  0x000002264914ab24: ;   {runtime_call throw_class_cast_exception Runtime1 stub}
  0x000002264914ab24: e8f7 aade 

  0x000002264914ab28: ; ImmutableOopMap {[176]=Oop [160]=Oop [232]=Oop }
                      ;*checkcast {reexecute=0 rethrow=0 return_oop=0}
                      ; - jdk.internal.loader.BuiltinClassLoader::findClassInModuleOrNull@26 (line 744)
                      ; - jdk.internal.loader.BuiltinClassLoader::loadClassOrNull@55 (line 665)
                      ;   {runtime_call throw_null_pointer_exception Runtime1 stub}
  0x000002264914ab28: ffe8 f27e 

  0x000002264914ab2c: ; ImmutableOopMap {[176]=Oop rdi=Oop [152]=Oop [160]=Oop [232]=Oop }
                      ;*invokevirtual loadClassOrNull {reexecute=0 rethrow=0 return_oop=0}
                      ; - jdk.internal.loader.BuiltinClassLoader::loadClassOrNull@66 (line 669)
                      ;   {runtime_call throw_null_pointer_exception Runtime1 stub}
  0x000002264914ab2c: deff e8ed 

  0x000002264914ab30: ; ImmutableOopMap {[176]=Oop [152]=Oop [160]=Oop rsi=Oop [232]=Oop }
                      ;*invokevirtual loadClassOrNull {reexecute=0 rethrow=0 return_oop=0}
                      ; - jdk.internal.loader.BuiltinClassLoader::loadClassOrNull@86 (line 676)
  0x000002264914ab30: 7ede ff48 | 8d84 24e0 | 0000 0048 

  0x000002264914ab3c: ;   {runtime_call monitorexit_nofpu Runtime1 stub}
  0x000002264914ab3c: 8904 24e8 | bcbd deff | e987 feff 

  0x000002264914ab48: ;   {internal_word}
  0x000002264914ab48: ff49 badb | a914 4926 | 0200 004d | 8997 6803 

  0x000002264914ab58: ;   {runtime_call SafepointBlob}
  0x000002264914ab58: 0000 e921 | e4d4 ff48 

  0x000002264914ab60: ;   {runtime_call fast_new_instance Runtime1 stub}
  0x000002264914ab60: 8bd2 e899 

  0x000002264914ab64: ; ImmutableOopMap {[176]=Oop [216]=Oop [232]=Oop }
                      ;*new {reexecute=0 rethrow=0 return_oop=0}
                      ; - java.lang.ClassLoader::resolveClass@4 (line 1228)
                      ; - jdk.internal.loader.BuiltinClassLoader::loadClassOrNull@128 (line 688)
  0x000002264914ab64: 89de ffe9 | e1fe ffff | 488d 8424 | e000 0000 | 4889 0424 

  0x000002264914ab78: ;   {runtime_call monitorexit_nofpu Runtime1 stub}
  0x000002264914ab78: e883 bdde | ffe9 3bff | ffff 9090 | 498b 87e0 | 0300 0049 | c787 e003 | 0000 0000 | 0000 49c7 
  0x000002264914ab98: 87e8 0300 | 0000 0000 | 0048 81c4 | 0001 0000 

  0x000002264914aba8: ;   {runtime_call unwind_exception Runtime1 stub}
  0x000002264914aba8: 5de9 526f | deff f4f4 | f4f4 f4f4 | f4f4 f4f4 | f4f4 f4f4 | f4f4 f4f4 
[Stub Code]
  0x000002264914abc0: ;   {no_reloc}
  0x000002264914abc0: 0f1f 4400 

  0x000002264914abc4: ;   {static_stub}
  0x000002264914abc4: 0048 bb00 | 0000 0000 

  0x000002264914abcc: ;   {runtime_call}
  0x000002264914abcc: 0000 00e9 | fbff ffff 

  0x000002264914abd4: ;   {static_stub}
  0x000002264914abd4: 9048 bb00 | 0000 0000 

  0x000002264914abdc: ;   {runtime_call}
  0x000002264914abdc: 0000 00e9 | fbff ffff 

  0x000002264914abe4: ;   {static_stub}
  0x000002264914abe4: 9048 bb00 | 0000 0000 

  0x000002264914abec: ;   {runtime_call}
  0x000002264914abec: 0000 00e9 | fbff ffff 

  0x000002264914abf4: ;   {static_stub}
  0x000002264914abf4: 9048 bb00 | 0000 0000 

  0x000002264914abfc: ;   {runtime_call}
  0x000002264914abfc: 0000 00e9 | fbff ffff 

  0x000002264914ac04: ;   {static_stub}
  0x000002264914ac04: 9048 bb00 | 0000 0000 

  0x000002264914ac0c: ;   {runtime_call}
  0x000002264914ac0c: 0000 00e9 | fbff ffff 

  0x000002264914ac14: ;   {static_stub}
  0x000002264914ac14: 9048 bb00 | 0000 0000 

  0x000002264914ac1c: ;   {runtime_call}
  0x000002264914ac1c: 0000 00e9 | fbff ffff 

  0x000002264914ac24: ;   {static_stub}
  0x000002264914ac24: 9048 bb00 | 0000 0000 

  0x000002264914ac2c: ;   {runtime_call}
  0x000002264914ac2c: 0000 00e9 | fbff ffff 

  0x000002264914ac34: ;   {static_stub}
  0x000002264914ac34: 9048 bb00 | 0000 0000 

  0x000002264914ac3c: ;   {runtime_call}
  0x000002264914ac3c: 0000 00e9 | fbff ffff 

  0x000002264914ac44: ;   {static_stub}
  0x000002264914ac44: 9048 bb00 | 0000 0000 

  0x000002264914ac4c: ;   {runtime_call}
  0x000002264914ac4c: 0000 00e9 | fbff ffff 

  0x000002264914ac54: ;   {static_stub}
  0x000002264914ac54: 9048 bb00 | 0000 0000 

  0x000002264914ac5c: ;   {runtime_call}
  0x000002264914ac5c: 0000 00e9 | fbff ffff 

  0x000002264914ac64: ;   {static_stub}
  0x000002264914ac64: 9048 bb00 | 0000 0000 

  0x000002264914ac6c: ;   {runtime_call}
  0x000002264914ac6c: 0000 00e9 | fbff ffff 

  0x000002264914ac74: ;   {static_stub}
  0x000002264914ac74: 9048 bb00 | 0000 0000 

  0x000002264914ac7c: ;   {runtime_call}
  0x000002264914ac7c: 0000 00e9 | fbff ffff 

  0x000002264914ac84: ;   {static_stub}
  0x000002264914ac84: 9048 bbe8 | 3a0e 5626 

  0x000002264914ac8c: ;   {runtime_call I2C/C2I adapters}
  0x000002264914ac8c: 0200 00e9 | c9c8 d4ff 

  0x000002264914ac94: ;   {static_stub}
  0x000002264914ac94: 9048 bb00 | 0000 0000 

  0x000002264914ac9c: ;   {runtime_call}
  0x000002264914ac9c: 0000 00e9 | fbff ffff 
[Exception Handler]
  0x000002264914aca4: ;   {runtime_call handle_exception_from_callee Runtime1 stub}
  0x000002264914aca4: e857 a3de 

  0x000002264914aca8: ;   {external_word}
  0x000002264914aca8: ff48 b930 | 9aa9 15fc | 7f00 0048 

  0x000002264914acb4: ;   {runtime_call}
  0x000002264914acb4: 83e4 f049 | ba40 2b72 | 15fc 7f00 | 0041 ffd2 

  0x000002264914acc4: ;   {section_word}
  0x000002264914acc4: f449 bac5 | ac14 4926 | 0200 0041 

  0x000002264914acd0: ;   {runtime_call DeoptimizationBlob}
  0x000002264914acd0: 52e9 4af7 | d4ff f4f4 
[/MachCode]


---------------  P R O C E S S  ---------------

Threads class SMR info:
_java_thread_list=0x000002265a695830, length=15, elements={
0x0000022645775760, 0x000002265546ce30, 0x0000022655471340, 0x00000226554c3290,
0x00000226554c3d60, 0x00000226554c6730, 0x00000226554c9100, 0x00000226554ca260,
0x00000226554e8790, 0x000002265563ebd0, 0x0000022655684730, 0x000002265a591010,
0x000002265a5bef00, 0x000002265a69a7a0, 0x000002265a6d3460
}

Java Threads: ( => current thread )
=>0x0000022645775760 JavaThread "main" [_thread_in_vm, id=3984, stack(0x00000052f3b00000,0x00000052f3c00000)]
  0x000002265546ce30 JavaThread "Reference Handler" daemon [_thread_blocked, id=4124, stack(0x00000052f4200000,0x00000052f4300000)]
  0x0000022655471340 JavaThread "Finalizer" daemon [_thread_blocked, id=9432, stack(0x00000052f4300000,0x00000052f4400000)]
  0x00000226554c3290 JavaThread "Signal Dispatcher" daemon [_thread_blocked, id=3700, stack(0x00000052f4500000,0x00000052f4600000)]
  0x00000226554c3d60 JavaThread "Attach Listener" daemon [_thread_blocked, id=2952, stack(0x00000052f4600000,0x00000052f4700000)]
  0x00000226554c6730 JavaThread "Service Thread" daemon [_thread_blocked, id=8180, stack(0x00000052f4700000,0x00000052f4800000)]
  0x00000226554c9100 JavaThread "Monitor Deflation Thread" daemon [_thread_blocked, id=10160, stack(0x00000052f4800000,0x00000052f4900000)]
  0x00000226554ca260 JavaThread "C1 CompilerThread0" daemon [_thread_blocked, id=12132, stack(0x00000052f4900000,0x00000052f4a00000)]
  0x00000226554e8790 JavaThread "Sweeper thread" daemon [_thread_blocked, id=11256, stack(0x00000052f4a00000,0x00000052f4b00000)]
  0x000002265563ebd0 JavaThread "Common-Cleaner" daemon [_thread_blocked, id=2636, stack(0x00000052f4b00000,0x00000052f4c00000)]
  0x0000022655684730 JavaThread "Notification Thread" daemon [_thread_blocked, id=12000, stack(0x00000052f4c00000,0x00000052f4d00000)]
  0x000002265a591010 JavaThread "C1 CompilerThread1" daemon [_thread_blocked, id=8372, stack(0x00000052f5000000,0x00000052f5100000)]
  0x000002265a5bef00 JavaThread "RMI TCP Accept-0" daemon [_thread_in_native, id=8148, stack(0x00000052f5100000,0x00000052f5200000)]
  0x000002265a69a7a0 JavaThread "RMI TCP Accept-53080" daemon [_thread_in_vm, id=10308, stack(0x00000052f5200000,0x00000052f5300000)]
  0x000002265a6d3460 JavaThread "RMI TCP Accept-0" daemon [_thread_in_native, id=412, stack(0x00000052f5300000,0x00000052f5400000)]

Other Threads:
  0x000002265540e0b0 VMThread "VM Thread" [stack: 0x00000052f4100000,0x00000052f4200000] [id=5700]
  0x000002265a6d6160 WatcherThread [stack: 0x00000052f5400000,0x00000052f5500000] [id=416]
  0x00000226457cd510 GCTaskThread "GC Thread#0" [stack: 0x00000052f3c00000,0x00000052f3d00000] [id=8816]
  0x000002265585ed00 GCTaskThread "GC Thread#1" [stack: 0x00000052f4d00000,0x00000052f4e00000] [id=6064]
  0x000002265a48d830 GCTaskThread "GC Thread#2" [stack: 0x00000052f4e00000,0x00000052f4f00000] [id=13540]
  0x000002265a48daf0 GCTaskThread "GC Thread#3" [stack: 0x00000052f4f00000,0x00000052f5000000] [id=12408]
  0x00000226457db470 ConcurrentGCThread "G1 Main Marker" [stack: 0x00000052f3d00000,0x00000052f3e00000] [id=9060]
  0x00000226457dd640 ConcurrentGCThread "G1 Conc#0" [stack: 0x00000052f3e00000,0x00000052f3f00000] [id=12500]
  0x00000226552c20c0 ConcurrentGCThread "G1 Refine#0" [stack: 0x00000052f3f00000,0x00000052f4000000] [id=13716]
  0x00000226552c2af0 ConcurrentGCThread "G1 Service" [stack: 0x00000052f4000000,0x00000052f4100000] [id=10064]

Threads with active compile tasks:

VM state: not at safepoint (normal execution)

VM Mutex/Monitor currently owned by a thread:  ([mutex/lock_event])
[0x0000022645761870] Metaspace_lock - owner thread: 0x0000022645775760

Heap address: 0x0000000740000000, size: 3072 MB, Compressed Oops mode: Zero based, Oop shift amount: 3

CDS archive(s) not mapped
Compressed class space mapped at: 0x0000000800000000-0x0000000840000000, reserved size: 1073741824
Narrow klass base: 0x0000000800000000, Narrow klass shift: 0, Narrow klass range: 0x40000000

GC Precious Log:
 CPUs: 4 total, 4 available
 Memory: 12286M
 Large Page Support: Disabled
 NUMA Support: Disabled
 Compressed Oops: Enabled (Zero based)
 Heap Region Size: 2M
 Heap Min Capacity: 8M
 Heap Initial Capacity: 192M
 Heap Max Capacity: 3G
 Pre-touch: Disabled
 Parallel Workers: 4
 Concurrent Workers: 1
 Concurrent Refinement Workers: 4
 Periodic GC: Disabled

Heap:
 garbage-first heap   total 196608K, used 17073K [0x0000000740000000, 0x0000000800000000)
  region size 2048K, 6 young (12288K), 1 survivors (2048K)
 Metaspace       used 15742K, committed 15872K, reserved 1114112K
  class space    used 1670K, committed 1728K, reserved 1048576K

Heap Regions: E=young(eden), S=young(survivor), O=old, HS=humongous(starts), HC=humongous(continues), CS=collection set, F=free, OA=open archive, CA=closed archive, TAMS=top-at-mark-start (previous, next)
|   0|0x0000000740000000, 0x0000000740200000, 0x0000000740200000|100%| O|  |TAMS 0x0000000740000000, 0x0000000740000000| Untracked 
|   1|0x0000000740200000, 0x0000000740400000, 0x0000000740400000|100%| O|  |TAMS 0x0000000740200000, 0x0000000740200000| Untracked 
|   2|0x0000000740400000, 0x0000000740600000, 0x0000000740600000|100%| O|  |TAMS 0x0000000740400000, 0x0000000740400000| Untracked 
|   3|0x0000000740600000, 0x0000000740760e00, 0x0000000740800000| 68%| O|  |TAMS 0x0000000740600000, 0x0000000740600000| Untracked 
|   4|0x0000000740800000, 0x0000000740800000, 0x0000000740a00000|  0%| F|  |TAMS 0x0000000740800000, 0x0000000740800000| Untracked 
|   5|0x0000000740a00000, 0x0000000740a00000, 0x0000000740c00000|  0%| F|  |TAMS 0x0000000740a00000, 0x0000000740a00000| Untracked 
|   6|0x0000000740c00000, 0x0000000740c00000, 0x0000000740e00000|  0%| F|  |TAMS 0x0000000740c00000, 0x0000000740c00000| Untracked 
|   7|0x0000000740e00000, 0x0000000740e00000, 0x0000000741000000|  0%| F|  |TAMS 0x0000000740e00000, 0x0000000740e00000| Untracked 
|   8|0x0000000741000000, 0x0000000741000000, 0x0000000741200000|  0%| F|  |TAMS 0x0000000741000000, 0x0000000741000000| Untracked 
|   9|0x0000000741200000, 0x0000000741200000, 0x0000000741400000|  0%| F|  |TAMS 0x0000000741200000, 0x0000000741200000| Untracked 
|  10|0x0000000741400000, 0x0000000741400000, 0x0000000741600000|  0%| F|  |TAMS 0x0000000741400000, 0x0000000741400000| Untracked 
|  11|0x0000000741600000, 0x0000000741600000, 0x0000000741800000|  0%| F|  |TAMS 0x0000000741600000, 0x0000000741600000| Untracked 
|  12|0x0000000741800000, 0x0000000741800000, 0x0000000741a00000|  0%| F|  |TAMS 0x0000000741800000, 0x0000000741800000| Untracked 
|  13|0x0000000741a00000, 0x0000000741a00000, 0x0000000741c00000|  0%| F|  |TAMS 0x0000000741a00000, 0x0000000741a00000| Untracked 
|  14|0x0000000741c00000, 0x0000000741c00000, 0x0000000741e00000|  0%| F|  |TAMS 0x0000000741c00000, 0x0000000741c00000| Untracked 
|  15|0x0000000741e00000, 0x0000000741e00000, 0x0000000742000000|  0%| F|  |TAMS 0x0000000741e00000, 0x0000000741e00000| Untracked 
|  16|0x0000000742000000, 0x0000000742000000, 0x0000000742200000|  0%| F|  |TAMS 0x0000000742000000, 0x0000000742000000| Untracked 
|  17|0x0000000742200000, 0x0000000742200000, 0x0000000742400000|  0%| F|  |TAMS 0x0000000742200000, 0x0000000742200000| Untracked 
|  18|0x0000000742400000, 0x0000000742400000, 0x0000000742600000|  0%| F|  |TAMS 0x0000000742400000, 0x0000000742400000| Untracked 
|  19|0x0000000742600000, 0x0000000742600000, 0x0000000742800000|  0%| F|  |TAMS 0x0000000742600000, 0x0000000742600000| Untracked 
|  20|0x0000000742800000, 0x0000000742800000, 0x0000000742a00000|  0%| F|  |TAMS 0x0000000742800000, 0x0000000742800000| Untracked 
|  21|0x0000000742a00000, 0x0000000742a00000, 0x0000000742c00000|  0%| F|  |TAMS 0x0000000742a00000, 0x0000000742a00000| Untracked 
|  22|0x0000000742c00000, 0x0000000742c00000, 0x0000000742e00000|  0%| F|  |TAMS 0x0000000742c00000, 0x0000000742c00000| Untracked 
|  23|0x0000000742e00000, 0x0000000742e00000, 0x0000000743000000|  0%| F|  |TAMS 0x0000000742e00000, 0x0000000742e00000| Untracked 
|  24|0x0000000743000000, 0x0000000743000000, 0x0000000743200000|  0%| F|  |TAMS 0x0000000743000000, 0x0000000743000000| Untracked 
|  25|0x0000000743200000, 0x0000000743200000, 0x0000000743400000|  0%| F|  |TAMS 0x0000000743200000, 0x0000000743200000| Untracked 
|  26|0x0000000743400000, 0x0000000743400000, 0x0000000743600000|  0%| F|  |TAMS 0x0000000743400000, 0x0000000743400000| Untracked 
|  27|0x0000000743600000, 0x0000000743600000, 0x0000000743800000|  0%| F|  |TAMS 0x0000000743600000, 0x0000000743600000| Untracked 
|  28|0x0000000743800000, 0x0000000743800000, 0x0000000743a00000|  0%| F|  |TAMS 0x0000000743800000, 0x0000000743800000| Untracked 
|  29|0x0000000743a00000, 0x0000000743a00000, 0x0000000743c00000|  0%| F|  |TAMS 0x0000000743a00000, 0x0000000743a00000| Untracked 
|  30|0x0000000743c00000, 0x0000000743c00000, 0x0000000743e00000|  0%| F|  |TAMS 0x0000000743c00000, 0x0000000743c00000| Untracked 
|  31|0x0000000743e00000, 0x0000000743e00000, 0x0000000744000000|  0%| F|  |TAMS 0x0000000743e00000, 0x0000000743e00000| Untracked 
|  32|0x0000000744000000, 0x0000000744000000, 0x0000000744200000|  0%| F|  |TAMS 0x0000000744000000, 0x0000000744000000| Untracked 
|  33|0x0000000744200000, 0x0000000744200000, 0x0000000744400000|  0%| F|  |TAMS 0x0000000744200000, 0x0000000744200000| Untracked 
|  34|0x0000000744400000, 0x0000000744400000, 0x0000000744600000|  0%| F|  |TAMS 0x0000000744400000, 0x0000000744400000| Untracked 
|  35|0x0000000744600000, 0x0000000744600000, 0x0000000744800000|  0%| F|  |TAMS 0x0000000744600000, 0x0000000744600000| Untracked 
|  36|0x0000000744800000, 0x0000000744800000, 0x0000000744a00000|  0%| F|  |TAMS 0x0000000744800000, 0x0000000744800000| Untracked 
|  37|0x0000000744a00000, 0x0000000744a00000, 0x0000000744c00000|  0%| F|  |TAMS 0x0000000744a00000, 0x0000000744a00000| Untracked 
|  38|0x0000000744c00000, 0x0000000744c00000, 0x0000000744e00000|  0%| F|  |TAMS 0x0000000744c00000, 0x0000000744c00000| Untracked 
|  39|0x0000000744e00000, 0x0000000744e00000, 0x0000000745000000|  0%| F|  |TAMS 0x0000000744e00000, 0x0000000744e00000| Untracked 
|  40|0x0000000745000000, 0x0000000745000000, 0x0000000745200000|  0%| F|  |TAMS 0x0000000745000000, 0x0000000745000000| Untracked 
|  41|0x0000000745200000, 0x0000000745200000, 0x0000000745400000|  0%| F|  |TAMS 0x0000000745200000, 0x0000000745200000| Untracked 
|  42|0x0000000745400000, 0x0000000745400000, 0x0000000745600000|  0%| F|  |TAMS 0x0000000745400000, 0x0000000745400000| Untracked 
|  43|0x0000000745600000, 0x0000000745600000, 0x0000000745800000|  0%| F|  |TAMS 0x0000000745600000, 0x0000000745600000| Untracked 
|  44|0x0000000745800000, 0x0000000745800000, 0x0000000745a00000|  0%| F|  |TAMS 0x0000000745800000, 0x0000000745800000| Untracked 
|  45|0x0000000745a00000, 0x0000000745a00000, 0x0000000745c00000|  0%| F|  |TAMS 0x0000000745a00000, 0x0000000745a00000| Untracked 
|  46|0x0000000745c00000, 0x0000000745c00000, 0x0000000745e00000|  0%| F|  |TAMS 0x0000000745c00000, 0x0000000745c00000| Untracked 
|  47|0x0000000745e00000, 0x0000000745e00000, 0x0000000746000000|  0%| F|  |TAMS 0x0000000745e00000, 0x0000000745e00000| Untracked 
|  48|0x0000000746000000, 0x0000000746000000, 0x0000000746200000|  0%| F|  |TAMS 0x0000000746000000, 0x0000000746000000| Untracked 
|  49|0x0000000746200000, 0x0000000746200000, 0x0000000746400000|  0%| F|  |TAMS 0x0000000746200000, 0x0000000746200000| Untracked 
|  50|0x0000000746400000, 0x0000000746400000, 0x0000000746600000|  0%| F|  |TAMS 0x0000000746400000, 0x0000000746400000| Untracked 
|  51|0x0000000746600000, 0x0000000746600000, 0x0000000746800000|  0%| F|  |TAMS 0x0000000746600000, 0x0000000746600000| Untracked 
|  52|0x0000000746800000, 0x0000000746800000, 0x0000000746a00000|  0%| F|  |TAMS 0x0000000746800000, 0x0000000746800000| Untracked 
|  53|0x0000000746a00000, 0x0000000746a00000, 0x0000000746c00000|  0%| F|  |TAMS 0x0000000746a00000, 0x0000000746a00000| Untracked 
|  54|0x0000000746c00000, 0x0000000746c00000, 0x0000000746e00000|  0%| F|  |TAMS 0x0000000746c00000, 0x0000000746c00000| Untracked 
|  55|0x0000000746e00000, 0x0000000746e00000, 0x0000000747000000|  0%| F|  |TAMS 0x0000000746e00000, 0x0000000746e00000| Untracked 
|  56|0x0000000747000000, 0x0000000747000000, 0x0000000747200000|  0%| F|  |TAMS 0x0000000747000000, 0x0000000747000000| Untracked 
|  57|0x0000000747200000, 0x0000000747200000, 0x0000000747400000|  0%| F|  |TAMS 0x0000000747200000, 0x0000000747200000| Untracked 
|  58|0x0000000747400000, 0x0000000747400000, 0x0000000747600000|  0%| F|  |TAMS 0x0000000747400000, 0x0000000747400000| Untracked 
|  59|0x0000000747600000, 0x0000000747600000, 0x0000000747800000|  0%| F|  |TAMS 0x0000000747600000, 0x0000000747600000| Untracked 
|  60|0x0000000747800000, 0x0000000747800000, 0x0000000747a00000|  0%| F|  |TAMS 0x0000000747800000, 0x0000000747800000| Untracked 
|  61|0x0000000747a00000, 0x0000000747a00000, 0x0000000747c00000|  0%| F|  |TAMS 0x0000000747a00000, 0x0000000747a00000| Untracked 
|  62|0x0000000747c00000, 0x0000000747c00000, 0x0000000747e00000|  0%| F|  |TAMS 0x0000000747c00000, 0x0000000747c00000| Untracked 
|  63|0x0000000747e00000, 0x0000000747e00000, 0x0000000748000000|  0%| F|  |TAMS 0x0000000747e00000, 0x0000000747e00000| Untracked 
|  64|0x0000000748000000, 0x0000000748000000, 0x0000000748200000|  0%| F|  |TAMS 0x0000000748000000, 0x0000000748000000| Untracked 
|  65|0x0000000748200000, 0x0000000748200000, 0x0000000748400000|  0%| F|  |TAMS 0x0000000748200000, 0x0000000748200000| Untracked 
|  66|0x0000000748400000, 0x0000000748400000, 0x0000000748600000|  0%| F|  |TAMS 0x0000000748400000, 0x0000000748400000| Untracked 
|  67|0x0000000748600000, 0x0000000748600000, 0x0000000748800000|  0%| F|  |TAMS 0x0000000748600000, 0x0000000748600000| Untracked 
|  68|0x0000000748800000, 0x0000000748800000, 0x0000000748a00000|  0%| F|  |TAMS 0x0000000748800000, 0x0000000748800000| Untracked 
|  69|0x0000000748a00000, 0x0000000748a00000, 0x0000000748c00000|  0%| F|  |TAMS 0x0000000748a00000, 0x0000000748a00000| Untracked 
|  70|0x0000000748c00000, 0x0000000748c00000, 0x0000000748e00000|  0%| F|  |TAMS 0x0000000748c00000, 0x0000000748c00000| Untracked 
|  71|0x0000000748e00000, 0x0000000748e00000, 0x0000000749000000|  0%| F|  |TAMS 0x0000000748e00000, 0x0000000748e00000| Untracked 
|  72|0x0000000749000000, 0x0000000749000000, 0x0000000749200000|  0%| F|  |TAMS 0x0000000749000000, 0x0000000749000000| Untracked 
|  73|0x0000000749200000, 0x0000000749200000, 0x0000000749400000|  0%| F|  |TAMS 0x0000000749200000, 0x0000000749200000| Untracked 
|  74|0x0000000749400000, 0x0000000749400000, 0x0000000749600000|  0%| F|  |TAMS 0x0000000749400000, 0x0000000749400000| Untracked 
|  75|0x0000000749600000, 0x0000000749600000, 0x0000000749800000|  0%| F|  |TAMS 0x0000000749600000, 0x0000000749600000| Untracked 
|  76|0x0000000749800000, 0x0000000749800000, 0x0000000749a00000|  0%| F|  |TAMS 0x0000000749800000, 0x0000000749800000| Untracked 
|  77|0x0000000749a00000, 0x0000000749a00000, 0x0000000749c00000|  0%| F|  |TAMS 0x0000000749a00000, 0x0000000749a00000| Untracked 
|  78|0x0000000749c00000, 0x0000000749c00000, 0x0000000749e00000|  0%| F|  |TAMS 0x0000000749c00000, 0x0000000749c00000| Untracked 
|  79|0x0000000749e00000, 0x0000000749e00000, 0x000000074a000000|  0%| F|  |TAMS 0x0000000749e00000, 0x0000000749e00000| Untracked 
|  80|0x000000074a000000, 0x000000074a000000, 0x000000074a200000|  0%| F|  |TAMS 0x000000074a000000, 0x000000074a000000| Untracked 
|  81|0x000000074a200000, 0x000000074a200000, 0x000000074a400000|  0%| F|  |TAMS 0x000000074a200000, 0x000000074a200000| Untracked 
|  82|0x000000074a400000, 0x000000074a400000, 0x000000074a600000|  0%| F|  |TAMS 0x000000074a400000, 0x000000074a400000| Untracked 
|  83|0x000000074a600000, 0x000000074a600000, 0x000000074a800000|  0%| F|  |TAMS 0x000000074a600000, 0x000000074a600000| Untracked 
|  84|0x000000074a800000, 0x000000074a800000, 0x000000074aa00000|  0%| F|  |TAMS 0x000000074a800000, 0x000000074a800000| Untracked 
|  85|0x000000074aa00000, 0x000000074aa00000, 0x000000074ac00000|  0%| F|  |TAMS 0x000000074aa00000, 0x000000074aa00000| Untracked 
|  86|0x000000074ac00000, 0x000000074ac00000, 0x000000074ae00000|  0%| F|  |TAMS 0x000000074ac00000, 0x000000074ac00000| Untracked 
|  87|0x000000074ae00000, 0x000000074ae00000, 0x000000074b000000|  0%| F|  |TAMS 0x000000074ae00000, 0x000000074ae00000| Untracked 
|  88|0x000000074b000000, 0x000000074b000000, 0x000000074b200000|  0%| F|  |TAMS 0x000000074b000000, 0x000000074b000000| Untracked 
|  89|0x000000074b200000, 0x000000074b200000, 0x000000074b400000|  0%| F|  |TAMS 0x000000074b200000, 0x000000074b200000| Untracked 
|  90|0x000000074b400000, 0x000000074b4d2608, 0x000000074b600000| 41%| E|  |TAMS 0x000000074b400000, 0x000000074b400000| Complete 
|  91|0x000000074b600000, 0x000000074b800000, 0x000000074b800000|100%| E|CS|TAMS 0x000000074b600000, 0x000000074b600000| Complete 
|  92|0x000000074b800000, 0x000000074b94b830, 0x000000074ba00000| 64%| S|CS|TAMS 0x000000074b800000, 0x000000074b800000| Complete 
|  93|0x000000074ba00000, 0x000000074bc00000, 0x000000074bc00000|100%| E|CS|TAMS 0x000000074ba00000, 0x000000074ba00000| Complete 
|  94|0x000000074bc00000, 0x000000074be00000, 0x000000074be00000|100%| E|CS|TAMS 0x000000074bc00000, 0x000000074bc00000| Complete 
|  95|0x000000074be00000, 0x000000074c000000, 0x000000074c000000|100%| E|CS|TAMS 0x000000074be00000, 0x000000074be00000| Complete 

Card table byte_map: [0x000002264c440000,0x000002264ca40000] _byte_map_base: 0x0000022648a40000

Marking Bits (Prev, Next): (CMBitMap*) 0x00000226457ceb40, (CMBitMap*) 0x00000226457ceb80
 Prev Bits: [0x000002264d040000, 0x0000022650040000)
 Next Bits: [0x0000022650040000, 0x0000022653040000)

Polling page: 0x00000226438e0000

Metaspace:

Usage:
  Non-class:     13.74 MB used.
      Class:      1.63 MB used.
       Both:     15.37 MB used.

Virtual space:
  Non-class space:       64.00 MB reserved,      13.81 MB ( 22%) committed,  1 nodes.
      Class space:        1.00 GB reserved,       1.69 MB ( <1%) committed,  1 nodes.
             Both:        1.06 GB reserved,      15.50 MB (  1%) committed. 

Chunk freelists:
   Non-Class:  1.70 MB
       Class:  14.33 MB
        Both:  16.03 MB

MaxMetaspaceSize: unlimited
CompressedClassSpaceSize: 1.00 GB
Initial GC threshold: 21.00 MB
Current GC threshold: 21.00 MB
CDS: off
MetaspaceReclaimPolicy: balanced
 - commit_granule_bytes: 65536.
 - commit_granule_words: 8192.
 - virtual_space_node_default_size: 8388608.
 - enlarge_chunks_in_place: 1.
 - new_chunks_are_fully_committed: 0.
 - uncommit_free_chunks: 1.
 - use_allocation_guard: 0.
 - handle_deallocations: 1.


Internal statistics:

num_allocs_failed_limit: 0.
num_arena_births: 142.
num_arena_deaths: 0.
num_vsnodes_births: 2.
num_vsnodes_deaths: 0.
num_space_committed: 248.
num_space_uncommitted: 0.
num_chunks_returned_to_freelist: 0.
num_chunks_taken_from_freelist: 298.
num_chunk_merges: 0.
num_chunk_splits: 177.
num_chunks_enlarged: 110.
num_inconsistent_stats: 0.

CodeCache: size=49152Kb used=3618Kb max_used=3618Kb free=45533Kb
 bounds [0x0000022648e40000, 0x00000226491d0000, 0x000002264be40000]
 total_blobs=1735 nmethods=1284 adapters=378
 compilation: enabled
              stopped_count=0, restarted_count=0
 full_count=0

Compilation events (20 events):
Event: 2.048 Thread 0x00000226554ca260 nmethod 1272 0x00000226491c3e10 code [0x00000226491c3fc0, 0x00000226491c4128]
Event: 2.048 Thread 0x000002265a591010 nmethod 1273 0x00000226491c4590 code [0x00000226491c4880, 0x00000226491c54f8]
Event: 2.050 Thread 0x00000226554ca260 1275       1       sun.reflect.generics.parser.SignatureParser::skipIdentifier (67 bytes)
Event: 2.050 Thread 0x00000226554ca260 nmethod 1275 0x00000226491c5b10 code [0x00000226491c5ce0, 0x00000226491c5ea8]
Event: 2.052 Thread 0x000002265a591010 1276       1       java.util.ArrayList::<init> (61 bytes)
Event: 2.052 Thread 0x00000226554ca260 1277       1       org.springframework.util.ConcurrentReferenceHashMap$Segment::restructureIfNecessary (56 bytes)
Event: 2.052 Thread 0x00000226554ca260 nmethod 1277 0x00000226491c6010 code [0x00000226491c61c0, 0x00000226491c64b8]
Event: 2.052 Thread 0x00000226554ca260 1278       1       org.springframework.util.ConcurrentReferenceHashMap$ReferenceManager::pollForPurge (11 bytes)
Event: 2.052 Thread 0x000002265a591010 nmethod 1276 0x00000226491c6690 code [0x00000226491c6880, 0x00000226491c6e18]
Event: 2.052 Thread 0x000002265a591010 1279       1       java.util.concurrent.locks.AbstractOwnableSynchronizer::setExclusiveOwnerThread (6 bytes)
Event: 2.052 Thread 0x000002265a591010 nmethod 1279 0x00000226491c7010 code [0x00000226491c71a0, 0x00000226491c72b8]
Event: 2.052 Thread 0x00000226554ca260 nmethod 1278 0x00000226491c7310 code [0x00000226491c74c0, 0x00000226491c7708]
Event: 2.052 Thread 0x000002265a591010 1280       1       sun.reflect.generics.visitor.Reifier::getFactory (5 bytes)
Event: 2.052 Thread 0x000002265a591010 nmethod 1280 0x00000226491c7890 code [0x00000226491c7a20, 0x00000226491c7af8]
Event: 2.054 Thread 0x00000226554ca260 1281       1       jdk.internal.misc.VM::isModuleSystemInited (13 bytes)
Event: 2.054 Thread 0x00000226554ca260 nmethod 1281 0x00000226491c7b90 code [0x00000226491c7d20, 0x00000226491c7df8]
Event: 2.055 Thread 0x000002265a591010 1282       1       java.util.Collections$UnmodifiableCollection$1::hasNext (10 bytes)
Event: 2.055 Thread 0x00000226554ca260 1283       1       java.util.Collections$UnmodifiableCollection$1::next (10 bytes)
Event: 2.055 Thread 0x000002265a591010 nmethod 1282 0x00000226491c7e90 code [0x00000226491c8020, 0x00000226491c8108]
Event: 2.055 Thread 0x00000226554ca260 nmethod 1283 0x00000226491c8190 code [0x00000226491c8320, 0x00000226491c8408]

GC Heap History (4 events):
Event: 1.214 GC heap before
{Heap before GC invocations=0 (full 0):
 garbage-first heap   total 196608K, used 10240K [0x0000000740000000, 0x0000000800000000)
  region size 2048K, 6 young (12288K), 0 survivors (0K)
 Metaspace       used 7858K, committed 8064K, reserved 1114112K
  class space    used 711K, committed 832K, reserved 1048576K
}
Event: 1.219 GC heap after
{Heap after GC invocations=1 (full 0):
 garbage-first heap   total 196608K, used 7884K [0x0000000740000000, 0x0000000800000000)
  region size 2048K, 1 young (2048K), 1 survivors (2048K)
 Metaspace       used 7858K, committed 8064K, reserved 1114112K
  class space    used 711K, committed 832K, reserved 1048576K
}
Event: 1.681 GC heap before
{Heap before GC invocations=1 (full 0):
 garbage-first heap   total 196608K, used 14028K [0x0000000740000000, 0x0000000800000000)
  region size 2048K, 4 young (8192K), 1 survivors (2048K)
 Metaspace       used 12973K, committed 13184K, reserved 1114112K
  class space    used 1315K, committed 1408K, reserved 1048576K
}
Event: 1.700 GC heap after
{Heap after GC invocations=2 (full 0):
 garbage-first heap   total 196608K, used 8881K [0x0000000740000000, 0x0000000800000000)
  region size 2048K, 1 young (2048K), 1 survivors (2048K)
 Metaspace       used 12973K, committed 13184K, reserved 1114112K
  class space    used 1315K, committed 1408K, reserved 1048576K
}

Dll operation events (8 events):
Event: 0.014 Loaded shared library D:\Softwares\sts-4.22.1.RELEASE\plugins\org.eclipse.justj.openjdk.hotspot.jre.full.win32.x86_64_17.0.11.v20240426-1830\jre\bin\java.dll
Event: 0.632 Loaded shared library D:\Softwares\sts-4.22.1.RELEASE\plugins\org.eclipse.justj.openjdk.hotspot.jre.full.win32.x86_64_17.0.11.v20240426-1830\jre\bin\jimage.dll
Event: 0.768 Loaded shared library D:\Softwares\sts-4.22.1.RELEASE\plugins\org.eclipse.justj.openjdk.hotspot.jre.full.win32.x86_64_17.0.11.v20240426-1830\jre\bin\net.dll
Event: 0.773 Loaded shared library D:\Softwares\sts-4.22.1.RELEASE\plugins\org.eclipse.justj.openjdk.hotspot.jre.full.win32.x86_64_17.0.11.v20240426-1830\jre\bin\nio.dll
Event: 0.780 Loaded shared library D:\Softwares\sts-4.22.1.RELEASE\plugins\org.eclipse.justj.openjdk.hotspot.jre.full.win32.x86_64_17.0.11.v20240426-1830\jre\bin\zip.dll
Event: 1.152 Loaded shared library D:\Softwares\sts-4.22.1.RELEASE\plugins\org.eclipse.justj.openjdk.hotspot.jre.full.win32.x86_64_17.0.11.v20240426-1830\jre\bin\management.dll
Event: 1.186 Loaded shared library D:\Softwares\sts-4.22.1.RELEASE\plugins\org.eclipse.justj.openjdk.hotspot.jre.full.win32.x86_64_17.0.11.v20240426-1830\jre\bin\management_ext.dll
Event: 1.539 Loaded shared library D:\Softwares\sts-4.22.1.RELEASE\plugins\org.eclipse.justj.openjdk.hotspot.jre.full.win32.x86_64_17.0.11.v20240426-1830\jre\bin\extnet.dll

Deoptimization events (0 events):
No events

Classes unloaded (0 events):
No events

Classes redefined (0 events):
No events

Internal exceptions (20 events):
Event: 1.193 Thread 0x0000022645775760 Exception <a 'java/lang/NoSuchMethodError'{0x000000074b5cfac8}: 'int java.lang.invoke.DirectMethodHandle$Holder.invokeInterface(java.lang.Object, java.lang.Object)'> (0x000000074b5cfac8) 
thrown [s\src\hotspot\share\interpreter\linkResolver.cpp, line 759]
Event: 1.194 Thread 0x0000022645775760 Exception <a 'java/lang/IncompatibleClassChangeError'{0x000000074b5d30c8}: Found class java.lang.Object, but interface was expected> (0x000000074b5d30c8) 
thrown [s\src\hotspot\share\interpreter\linkResolver.cpp, line 826]
Event: 1.195 Thread 0x0000022645775760 Exception <a 'java/lang/NoSuchMethodError'{0x000000074b5d8c78}: 'void java.lang.invoke.DirectMethodHandle$Holder.invokeStatic(java.lang.Object, java.lang.Object)'> (0x000000074b5d8c78) 
thrown [s\src\hotspot\share\interpreter\linkResolver.cpp, line 759]
Event: 1.290 Thread 0x0000022645775760 Exception <a 'java/lang/NoSuchMethodError'{0x000000074beb7230}: 'int java.lang.invoke.DirectMethodHandle$Holder.invokeSpecial(java.lang.Object, java.lang.Object, java.lang.Object)'> (0x000000074beb7230) 
thrown [s\src\hotspot\share\interpreter\linkResolver.cpp, line 759]
Event: 1.369 Thread 0x0000022645775760 Exception <a 'java/lang/NoSuchMethodError'{0x000000074bfc1d80}: 'void java.lang.invoke.DirectMethodHandle$Holder.invokeStatic(java.lang.Object, java.lang.Object, java.lang.Object)'> (0x000000074bfc1d80) 
thrown [s\src\hotspot\share\interpreter\linkResolver.cpp, line 759]
Event: 1.419 Thread 0x0000022645775760 Exception <a 'java/lang/NoSuchMethodError'{0x000000074bc0c650}: 'int java.lang.invoke.DirectMethodHandle$Holder.invokeSpecialIFC(java.lang.Object, java.lang.Object, java.lang.Object)'> (0x000000074bc0c650) 
thrown [s\src\hotspot\share\interpreter\linkResolver.cpp, line 759]
Event: 1.453 Thread 0x0000022645775760 Exception <a 'java/lang/NoSuchMethodError'{0x000000074bc83020}: 'java.lang.Object java.lang.invoke.DirectMethodHandle$Holder.invokeStaticInit(java.lang.Object, int, int, int, int)'> (0x000000074bc83020) 
thrown [s\src\hotspot\share\interpreter\linkResolver.cpp, line 759]
Event: 1.508 Thread 0x0000022645775760 Exception <a 'java/lang/NoSuchMethodError'{0x000000074bd7d030}: 'java.lang.Object java.lang.invoke.DirectMethodHandle$Holder.invokeStaticInit(java.lang.Object, java.lang.Object, int, int, int, int)'> (0x000000074bd7d030) 
thrown [s\src\hotspot\share\interpreter\linkResolver.cpp, line 759]
Event: 1.522 Thread 0x0000022645775760 Exception <a 'java/lang/ClassNotFoundException'{0x000000074bd98780}: javax/management/remote/rmi/RMIServerImpl_Skel> (0x000000074bd98780) 
thrown [s\src\hotspot\share\classfile\systemDictionary.cpp, line 256]
Event: 1.594 Thread 0x0000022645775760 Exception <a 'java/lang/ClassNotFoundException'{0x000000074ba66ab8}: jdk/internal/agent/resources/spi/agentProvider> (0x000000074ba66ab8) 
thrown [s\src\hotspot\share\classfile\systemDictionary.cpp, line 256]
Event: 1.808 Thread 0x0000022645775760 Exception <a 'java/lang/ClassNotFoundException'{0x000000074bed2348}: javax/smartcardio/CardPermission> (0x000000074bed2348) 
thrown [s\src\hotspot\share\classfile\systemDictionary.cpp, line 256]
Event: 1.813 Thread 0x0000022645775760 Exception <a 'java/io/FileNotFoundException'{0x000000074bee0c28}> (0x000000074bee0c28) 
thrown [s\src\hotspot\share\prims\jni.cpp, line 516]
Event: 1.849 Thread 0x0000022645775760 Exception <a 'java/lang/NoSuchMethodError'{0x000000074bf3e348}: 'java.lang.Object java.lang.invoke.DirectMethodHandle$Holder.invokeSpecial(java.lang.Object, java.lang.Object, java.lang.Object, long, java.lang.Object)'> (0x000000074bf3e348) 
thrown [s\src\hotspot\share\interpreter\linkResolver.cpp, line 759]
Event: 1.849 Thread 0x0000022645775760 Exception <a 'java/lang/NoSuchMethodError'{0x000000074bf41f18}: 'java.lang.Object java.lang.invoke.Invokers$Holder.linkToTargetMethod(java.lang.Object, long, java.lang.Object, java.lang.Object)'> (0x000000074bf41f18) 
thrown [s\src\hotspot\share\interpreter\linkResolver.cpp, line 759]
Event: 1.953 Thread 0x0000022645775760 Exception <a 'java/lang/NoSuchMethodError'{0x000000074bd3e9a0}: 'void java.lang.invoke.DirectMethodHandle$Holder.invokeStatic(java.lang.Object, java.lang.Object, java.lang.Object, java.lang.Object)'> (0x000000074bd3e9a0) 
thrown [s\src\hotspot\share\interpreter\linkResolver.cpp, line 759]
Event: 1.981 Thread 0x0000022645775760 Exception <a 'java/lang/NoSuchMethodError'{0x000000074ba65a08}: 'int java.lang.invoke.DirectMethodHandle$Holder.invokeStaticInit(java.lang.Object, java.lang.Object)'> (0x000000074ba65a08) 
thrown [s\src\hotspot\share\interpreter\linkResolver.cpp, line 759]
Event: 2.008 Thread 0x0000022645775760 Exception <a 'java/lang/NoSuchMethodError'{0x000000074bbaec58}: 'void java.lang.invoke.DirectMethodHandle$Holder.invokeInterface(java.lang.Object, java.lang.Object, java.lang.Object, java.lang.Object)'> (0x000000074bbaec58) 
thrown [s\src\hotspot\share\interpreter\linkResolver.cpp, line 759]
Event: 2.034 Thread 0x0000022645775760 Exception <a 'java/lang/NoSuchMethodError'{0x000000074b6ef3e8}: 'java.lang.Object java.lang.invoke.DirectMethodHandle$Holder.invokeInterface(java.lang.Object, java.lang.Object)'> (0x000000074b6ef3e8) 
thrown [s\src\hotspot\share\interpreter\linkResolver.cpp, line 759]
Event: 2.044 Thread 0x0000022645775760 Exception <a 'java/lang/NoSuchMethodError'{0x000000074b78bed8}: 'java.lang.Object java.lang.invoke.DirectMethodHandle$Holder.invokeSpecialIFC(java.lang.Object, java.lang.Object, java.lang.Object, java.lang.Object)'> (0x000000074b78bed8) 
thrown [s\src\hotspot\share\interpreter\linkResolver.cpp, line 759]
Event: 2.046 Thread 0x0000022645775760 Exception <a 'java/lang/NoSuchMethodError'{0x000000074b7adee0}: 'java.lang.Object java.lang.invoke.DirectMethodHandle$Holder.invokeInterface(java.lang.Object, java.lang.Object, java.lang.Object)'> (0x000000074b7adee0) 
thrown [s\src\hotspot\share\interpreter\linkResolver.cpp, line 759]

VM Operations (20 events):
Event: 0.599 Executing VM operation: HandshakeAllThreads
Event: 0.599 Executing VM operation: HandshakeAllThreads done
Event: 1.200 Executing VM operation: HandshakeAllThreads
Event: 1.200 Executing VM operation: HandshakeAllThreads done
Event: 1.201 Executing VM operation: HandshakeAllThreads
Event: 1.201 Executing VM operation: HandshakeAllThreads done
Event: 1.214 Executing VM operation: G1CollectForAllocation
Event: 1.219 Executing VM operation: G1CollectForAllocation done
Event: 1.395 Executing VM operation: HandshakeAllThreads
Event: 1.395 Executing VM operation: HandshakeAllThreads done
Event: 1.437 Executing VM operation: HandshakeAllThreads
Event: 1.437 Executing VM operation: HandshakeAllThreads done
Event: 1.522 Executing VM operation: HandshakeAllThreads
Event: 1.522 Executing VM operation: HandshakeAllThreads done
Event: 1.673 Executing VM operation: HandshakeAllThreads
Event: 1.673 Executing VM operation: HandshakeAllThreads done
Event: 1.679 Executing VM operation: HandshakeAllThreads
Event: 1.679 Executing VM operation: HandshakeAllThreads done
Event: 1.681 Executing VM operation: G1CollectForAllocation
Event: 1.700 Executing VM operation: G1CollectForAllocation done

Events (20 events):
Event: 2.032 loading class java/lang/StackStreamFactory$WalkerState done
Event: 2.032 loading class java/lang/StackStreamFactory$1
Event: 2.032 loading class java/lang/StackStreamFactory$1 done
Event: 2.032 loading class java/lang/StackStreamFactory$StackFrameTraverser$StackFrameBuffer
Event: 2.032 loading class java/lang/StackStreamFactory$FrameBuffer
Event: 2.032 loading class java/lang/StackStreamFactory$FrameBuffer done
Event: 2.032 loading class java/lang/StackStreamFactory$StackFrameTraverser$StackFrameBuffer done
Event: 2.037 loading class java/util/concurrent/RejectedExecutionException
Event: 2.037 loading class java/util/concurrent/RejectedExecutionException done
Event: 2.043 loading class java/lang/invoke/MethodHandle$1
Event: 2.043 loading class java/lang/invoke/MethodHandle$1 done
Event: 2.047 loading class java/util/stream/Nodes$FixedNodeBuilder
Event: 2.047 loading class java/util/stream/Nodes$ArrayNode
Event: 2.047 loading class java/util/stream/Nodes$ArrayNode done
Event: 2.047 loading class java/util/stream/Nodes$FixedNodeBuilder done
Event: 2.054 loading class java/lang/StackTraceElement$HashedModules
Event: 2.054 loading class java/lang/StackTraceElement$HashedModules done
Event: 2.057 loading class java/util/concurrent/BlockingDeque
Event: 2.057 loading class java/util/concurrent/BlockingDeque done
Event: 2.060 loading class java/net/URLClassLoader


Dynamic libraries:
0x00007ff64cd70000 - 0x00007ff64cd7e000 	D:\Softwares\sts-4.22.1.RELEASE\plugins\org.eclipse.justj.openjdk.hotspot.jre.full.win32.x86_64_17.0.11.v20240426-1830\jre\bin\javaw.exe
0x00007ffc5ed10000 - 0x00007ffc5ef08000 	C:\Windows\SYSTEM32\ntdll.dll
0x00007ffc5e920000 - 0x00007ffc5e9e1000 	C:\Windows\System32\KERNEL32.DLL
0x00007ffc5ca40000 - 0x00007ffc5cd3d000 	C:\Windows\System32\KERNELBASE.dll
0x00007ffc5c610000 - 0x00007ffc5c710000 	C:\Windows\System32\ucrtbase.dll
0x00007ffc15100000 - 0x00007ffc15117000 	D:\Softwares\sts-4.22.1.RELEASE\plugins\org.eclipse.justj.openjdk.hotspot.jre.full.win32.x86_64_17.0.11.v20240426-1830\jre\bin\jli.dll
0x00007ffc5db20000 - 0x00007ffc5dcbd000 	C:\Windows\System32\USER32.dll
0x00007ffc5c3c0000 - 0x00007ffc5c3e2000 	C:\Windows\System32\win32u.dll
0x00007ffc5eba0000 - 0x00007ffc5ebcb000 	C:\Windows\System32\GDI32.dll
0x00007ffc5c3f0000 - 0x00007ffc5c507000 	C:\Windows\System32\gdi32full.dll
0x00007ffc5c710000 - 0x00007ffc5c7ad000 	C:\Windows\System32\msvcp_win.dll
0x00007ffc0e2b0000 - 0x00007ffc0e2cb000 	D:\Softwares\sts-4.22.1.RELEASE\plugins\org.eclipse.justj.openjdk.hotspot.jre.full.win32.x86_64_17.0.11.v20240426-1830\jre\bin\VCRUNTIME140.dll
0x00007ffc42d50000 - 0x00007ffc42fea000 	C:\Windows\WinSxS\amd64_microsoft.windows.common-controls_6595b64144ccf1df_6.0.19041.4355_none_60b8b9eb71f62e16\COMCTL32.dll
0x00007ffc5e080000 - 0x00007ffc5e11e000 	C:\Windows\System32\msvcrt.dll
0x00007ffc5e8f0000 - 0x00007ffc5e91f000 	C:\Windows\System32\IMM32.DLL
0x00007ffc0e2a0000 - 0x00007ffc0e2ac000 	D:\Softwares\sts-4.22.1.RELEASE\plugins\org.eclipse.justj.openjdk.hotspot.jre.full.win32.x86_64_17.0.11.v20240426-1830\jre\bin\vcruntime140_1.dll
0x00007ffc0e200000 - 0x00007ffc0e28d000 	D:\Softwares\sts-4.22.1.RELEASE\plugins\org.eclipse.justj.openjdk.hotspot.jre.full.win32.x86_64_17.0.11.v20240426-1830\jre\bin\msvcp140.dll
0x00007ffc15170000 - 0x00007ffc15dd2000 	D:\Softwares\sts-4.22.1.RELEASE\plugins\org.eclipse.justj.openjdk.hotspot.jre.full.win32.x86_64_17.0.11.v20240426-1830\jre\bin\server\jvm.dll
0x00007ffc5cde0000 - 0x00007ffc5ce90000 	C:\Windows\System32\ADVAPI32.dll
0x00007ffc5cd40000 - 0x00007ffc5cde0000 	C:\Windows\System32\sechost.dll
0x00007ffc5d980000 - 0x00007ffc5daa3000 	C:\Windows\System32\RPCRT4.dll
0x00007ffc5c7b0000 - 0x00007ffc5c7d7000 	C:\Windows\System32\bcrypt.dll
0x00007ffc5c220000 - 0x00007ffc5c26b000 	C:\Windows\SYSTEM32\POWRPROF.dll
0x00007ffc4af30000 - 0x00007ffc4af39000 	C:\Windows\SYSTEM32\WSOCK32.dll
0x00007ffc5dab0000 - 0x00007ffc5db1b000 	C:\Windows\System32\WS2_32.dll
0x00007ffc4e140000 - 0x00007ffc4e167000 	C:\Windows\SYSTEM32\WINMM.dll
0x00007ffc507c0000 - 0x00007ffc507ca000 	C:\Windows\SYSTEM32\VERSION.dll
0x00007ffc5c200000 - 0x00007ffc5c212000 	C:\Windows\SYSTEM32\UMPDC.dll
0x00007ffc5a140000 - 0x00007ffc5a152000 	C:\Windows\SYSTEM32\kernel.appcore.dll
0x00007ffc15160000 - 0x00007ffc1516a000 	D:\Softwares\sts-4.22.1.RELEASE\plugins\org.eclipse.justj.openjdk.hotspot.jre.full.win32.x86_64_17.0.11.v20240426-1830\jre\bin\jimage.dll
0x00007ffc4e490000 - 0x00007ffc4e674000 	C:\Windows\SYSTEM32\DBGHELP.DLL
0x00007ffc4d8b0000 - 0x00007ffc4d8e4000 	C:\Windows\SYSTEM32\dbgcore.DLL
0x00007ffc5c510000 - 0x00007ffc5c592000 	C:\Windows\System32\bcryptPrimitives.dll
0x00007ffc15120000 - 0x00007ffc15145000 	D:\Softwares\sts-4.22.1.RELEASE\plugins\org.eclipse.justj.openjdk.hotspot.jre.full.win32.x86_64_17.0.11.v20240426-1830\jre\bin\java.dll
0x00007ffc150e0000 - 0x00007ffc150f8000 	D:\Softwares\sts-4.22.1.RELEASE\plugins\org.eclipse.justj.openjdk.hotspot.jre.full.win32.x86_64_17.0.11.v20240426-1830\jre\bin\zip.dll
0x00007ffc5cf80000 - 0x00007ffc5d6ef000 	C:\Windows\System32\SHELL32.dll
0x00007ffc5a420000 - 0x00007ffc5abc3000 	C:\Windows\SYSTEM32\windows.storage.dll
0x00007ffc5dcc0000 - 0x00007ffc5e013000 	C:\Windows\System32\combase.dll
0x00007ffc5bc40000 - 0x00007ffc5bc6e000 	C:\Windows\SYSTEM32\Wldp.dll
0x00007ffc5ce90000 - 0x00007ffc5cf5d000 	C:\Windows\System32\OLEAUT32.dll
0x00007ffc5e2b0000 - 0x00007ffc5e35d000 	C:\Windows\System32\SHCORE.dll
0x00007ffc5e250000 - 0x00007ffc5e2a5000 	C:\Windows\System32\shlwapi.dll
0x00007ffc5c2f0000 - 0x00007ffc5c314000 	C:\Windows\SYSTEM32\profapi.dll
0x00007ffc30540000 - 0x00007ffc30559000 	D:\Softwares\sts-4.22.1.RELEASE\plugins\org.eclipse.justj.openjdk.hotspot.jre.full.win32.x86_64_17.0.11.v20240426-1830\jre\bin\net.dll
0x00007ffc55600000 - 0x00007ffc5570d000 	C:\Windows\SYSTEM32\WINHTTP.dll
0x00007ffc5ba20000 - 0x00007ffc5ba8a000 	C:\Windows\system32\mswsock.dll
0x00007ffc30520000 - 0x00007ffc30536000 	D:\Softwares\sts-4.22.1.RELEASE\plugins\org.eclipse.justj.openjdk.hotspot.jre.full.win32.x86_64_17.0.11.v20240426-1830\jre\bin\nio.dll
0x00007ffc599d0000 - 0x00007ffc599d9000 	D:\Softwares\sts-4.22.1.RELEASE\plugins\org.eclipse.justj.openjdk.hotspot.jre.full.win32.x86_64_17.0.11.v20240426-1830\jre\bin\management.dll
0x00007ffc53ef0000 - 0x00007ffc53efb000 	D:\Softwares\sts-4.22.1.RELEASE\plugins\org.eclipse.justj.openjdk.hotspot.jre.full.win32.x86_64_17.0.11.v20240426-1830\jre\bin\management_ext.dll
0x00007ffc5ec60000 - 0x00007ffc5ec68000 	C:\Windows\System32\PSAPI.DLL
0x00007ffc45450000 - 0x00007ffc45467000 	C:\Windows\system32\napinsp.dll
0x00007ffc453e0000 - 0x00007ffc453fb000 	C:\Windows\system32\pnrpnsp.dll
0x00007ffc453c0000 - 0x00007ffc453d5000 	C:\Windows\system32\wshbth.dll
0x00007ffc58e80000 - 0x00007ffc58e9d000 	C:\Windows\system32\NLAapi.dll
0x00007ffc5b720000 - 0x00007ffc5b75b000 	C:\Windows\SYSTEM32\IPHLPAPI.DLL
0x00007ffc5b760000 - 0x00007ffc5b82a000 	C:\Windows\SYSTEM32\DNSAPI.dll
0x00007ffc5cf70000 - 0x00007ffc5cf78000 	C:\Windows\System32\NSI.dll
0x00007ffc453a0000 - 0x00007ffc453b2000 	C:\Windows\System32\winrnr.dll
0x00007ffc50f80000 - 0x00007ffc50f8a000 	C:\Windows\System32\rasadhlp.dll
0x00007ffc54260000 - 0x00007ffc542e0000 	C:\Windows\System32\fwpuclnt.dll
0x00007ffc5bc80000 - 0x00007ffc5bc98000 	C:\Windows\SYSTEM32\CRYPTSP.dll
0x00007ffc5b360000 - 0x00007ffc5b394000 	C:\Windows\system32\rsaenh.dll
0x00007ffc5c2b0000 - 0x00007ffc5c2de000 	C:\Windows\SYSTEM32\USERENV.dll
0x00007ffc5bbb0000 - 0x00007ffc5bbbc000 	C:\Windows\SYSTEM32\CRYPTBASE.dll
0x00007ffc56ca0000 - 0x00007ffc56cb7000 	C:\Windows\SYSTEM32\dhcpcsvc6.DLL
0x00007ffc56930000 - 0x00007ffc5694d000 	C:\Windows\SYSTEM32\dhcpcsvc.DLL
0x00007ffc0f110000 - 0x00007ffc0f119000 	D:\Softwares\sts-4.22.1.RELEASE\plugins\org.eclipse.justj.openjdk.hotspot.jre.full.win32.x86_64_17.0.11.v20240426-1830\jre\bin\extnet.dll

dbghelp: loaded successfully - version: 4.0.5 - missing functions: none
symbol engine: initialized successfully - sym options: 0x614 - pdb path: .;D:\Softwares\sts-4.22.1.RELEASE\plugins\org.eclipse.justj.openjdk.hotspot.jre.full.win32.x86_64_17.0.11.v20240426-1830\jre\bin;C:\Windows\SYSTEM32;C:\Windows\WinSxS\amd64_microsoft.windows.common-controls_6595b64144ccf1df_6.0.19041.4355_none_60b8b9eb71f62e16;D:\Softwares\sts-4.22.1.RELEASE\plugins\org.eclipse.justj.openjdk.hotspot.jre.full.win32.x86_64_17.0.11.v20240426-1830\jre\bin\server

VM Arguments:
jvm_args: -Dcom.sun.management.jmxremote -Dcom.sun.management.jmxremote.port=53080 -Dcom.sun.management.jmxremote.authenticate=false -Dcom.sun.management.jmxremote.ssl=false -Djava.rmi.server.hostname=localhost -Dspring.jmx.enabled=true -Dmanagement.endpoints.jmx.exposure.include=* -Dspring.application.admin.enabled=true -XX:TieredStopAtLevel=1 -Dspring.boot.project.name=courses-User2 -Dfile.encoding=UTF-8 -Dstdout.encoding=UTF-8 -Dstderr.encoding=UTF-8 -XX:+ShowCodeDetailsInExceptionMessages 
java_command: com.ust.finalproject.CoursesUserApplication --spring.output.ansi.enabled=always
java_class_path (initial): D:\final project LMS\courses-User2\target\classes;C:\Users\Administrator\.m2\repository\org\springframework\boot\spring-boot-starter-actuator\3.3.5\spring-boot-starter-actuator-3.3.5.jar;C:\Users\Administrator\.m2\repository\org\springframework\boot\spring-boot-starter\3.3.5\spring-boot-starter-3.3.5.jar;C:\Users\Administrator\.m2\repository\org\springframework\boot\spring-boot-starter-logging\3.3.5\spring-boot-starter-logging-3.3.5.jar;C:\Users\Administrator\.m2\repository\ch\qos\logback\logback-classic\1.5.11\logback-classic-1.5.11.jar;C:\Users\Administrator\.m2\repository\ch\qos\logback\logback-core\1.5.11\logback-core-1.5.11.jar;C:\Users\Administrator\.m2\repository\org\apache\logging\log4j\log4j-to-slf4j\2.23.1\log4j-to-slf4j-2.23.1.jar;C:\Users\Administrator\.m2\repository\org\apache\logging\log4j\log4j-api\2.23.1\log4j-api-2.23.1.jar;C:\Users\Administrator\.m2\repository\org\slf4j\jul-to-slf4j\2.0.16\jul-to-slf4j-2.0.16.jar;C:\Users\Administrator\.m2\repository\jakarta\annotation\jakarta.annotation-api\2.1.1\jakarta.annotation-api-2.1.1.jar;C:\Users\Administrator\.m2\repository\org\yaml\snakeyaml\2.2\snakeyaml-2.2.jar;C:\Users\Administrator\.m2\repository\org\springframework\boot\spring-boot-actuator-autoconfigure\3.3.5\spring-boot-actuator-autoconfigure-3.3.5.jar;C:\Users\Administrator\.m2\repository\org\springframework\boot\spring-boot-actuator\3.3.5\spring-boot-actuator-3.3.5.jar;C:\Users\Administrator\.m2\repository\com\fasterxml\jackson\core\jackson-databind\2.17.2\jackson-databind-2.17.2.jar;C:\Users\Administrator\.m2\repository\com\fasterxml\jackson\datatype\jackson-datatype-jsr310\2.17.2\jackson-datatype-jsr310-2.17.2.jar;C:\Users\Administrator\.m2\repository\io\micrometer\micrometer-observation\1.13.6\micrometer-observation-1.13.6.jar;C:\Users\Administrator\.m2\repository\io\micrometer\micrometer-commons\1.13.6\micrometer-commons-1.13.6.jar;C:\Users\Administrator\.m2\repository\io\micrometer\micrometer-jakarta9\1.13.6\mic
Launcher Type: SUN_STANDARD

[Global flags]
     intx CICompilerCount                          = 3                                         {product} {ergonomic}
     uint ConcGCThreads                            = 1                                         {product} {ergonomic}
     uint G1ConcRefinementThreads                  = 4                                         {product} {ergonomic}
   size_t G1HeapRegionSize                         = 2097152                                   {product} {ergonomic}
    uintx GCDrainStackTargetSize                   = 64                                        {product} {ergonomic}
   size_t InitialHeapSize                          = 201326592                                 {product} {ergonomic}
     bool ManagementServer                         = true                                      {product} {command line}
   size_t MarkStackSize                            = 4194304                                   {product} {ergonomic}
   size_t MaxHeapSize                              = 3221225472                                {product} {ergonomic}
   size_t MaxNewSize                               = 1931476992                                {product} {ergonomic}
   size_t MinHeapDeltaBytes                        = 2097152                                   {product} {ergonomic}
   size_t MinHeapSize                              = 8388608                                   {product} {ergonomic}
    uintx NonProfiledCodeHeapSize                  = 0                                      {pd product} {ergonomic}
     bool ProfileInterpreter                       = false                                  {pd product} {command line}
    uintx ProfiledCodeHeapSize                     = 0                                      {pd product} {ergonomic}
     bool ShowCodeDetailsInExceptionMessages       = true                                   {manageable} {command line}
   size_t SoftMaxHeapSize                          = 3221225472                             {manageable} {ergonomic}
     intx TieredStopAtLevel                        = 1                                         {product} {command line}
     bool UseCompressedClassPointers               = true                           {product lp64_product} {ergonomic}
     bool UseCompressedOops                        = true                           {product lp64_product} {ergonomic}
     bool UseG1GC                                  = true                                      {product} {ergonomic}
     bool UseLargePagesIndividualAllocation        = false                                  {pd product} {ergonomic}

Logging:
Log output configuration:
 #0: stdout all=warning uptime,level,tags
 #1: stderr all=off uptime,level,tags

Environment Variables:
JAVA_HOME=C:\Program Files\Java\jdk-11.0.15.1
PATH=D:/Softwares/sts-4.22.1.RELEASE//plugins/org.eclipse.justj.openjdk.hotspot.jre.full.win32.x86_64_17.0.11.v20240426-1830/jre/bin/server;D:/Softwares/sts-4.22.1.RELEASE//plugins/org.eclipse.justj.openjdk.hotspot.jre.full.win32.x86_64_17.0.11.v20240426-1830/jre/bin;C:\Program Files\Java\jdk-11.0.15.1\bin;C:\Program Files (x86)\Common Files\Oracle\Java\javapath;C:\Program Files\Common Files\Oracle\Java\javapath;C:\Windows\system32;C:\Windows;C:\Windows\System32\Wbem;C:\Windows\System32\WindowsPowerShell\v1.0\;C:\Windows\System32\OpenSSH\;C:\Program Files\erl-26.0\bin;C:\Java\jdk1.8.0_202\bin;C:\apache-maven-3.9.8\bin;C:\Program Files\Microsoft SQL Server\150\Tools\Binn\;C:\Program Files\Microsoft SQL Server\Client SDK\ODBC\170\Tools\Binn\;C:\Program Files\dotnet\;C:\Program Files\Git\cmd;C:\apache-jmeter-5.6.3\bin;C:\Program Files (x86)\Windows Kits\10\Windows Performance Toolkit\;C:\Program Files\Docker\Docker\resources\bin;C:\minikube;C:\Program Files\PuTTY\;C:\Program Files\Amazon\AWSCLIV2\;C:\Program Files\nodejs\node_modules\npm\bin;C:\Program Files\nodejs\;C:\Program Files\MySQL\MySQL Shell 8.0\bin\;C:\Users\Administrator\AppData\Local\Microsoft\WindowsApps;C:\Users\Administrator\.dotnet\tools;C:\Users\Administrator\AppData\Local\Microsoft\WinGet\Links;C:\Users\Administrator\AppData\Local\Programs\Microsoft VS Code\bin;C:\Users\Administrator\AppData\Roaming\npm;D:\Softwares\sts-4.22.1.RELEASE;
USERNAME=Administrator
OS=Windows_NT
PROCESSOR_IDENTIFIER=Intel64 Family 6 Model 85 Stepping 7, GenuineIntel
TMP=C:\Users\ADMINI~1\AppData\Local\Temp
TEMP=C:\Users\ADMINI~1\AppData\Local\Temp



Periodic native trim disabled


---------------  S Y S T E M  ---------------

OS:
 Windows 10 , 64 bit Build 19041 (10.0.19041.4842)
OS uptime: 0 days 0:56 hours
Hyper-V role detected

CPU: total 4 (initial active 4) (2 cores per cpu, 1 threads per core) family 6 model 85 stepping 7 microcode 0x5003302, cx8, cmov, fxsr, mmx, 3dnowpref, sse, sse2, sse3, ssse3, sse4.1, sse4.2, popcnt, lzcnt, tsc, tscinvbit, avx, avx2, aes, erms, clmul, bmi1, bmi2, adx, avx512f, avx512dq, avx512cd, avx512bw, avx512vl, fma, vzeroupper, clflush, clflushopt, clwb, hv
Processor Information for all 4 processors :
  Max Mhz: 2095, Current Mhz: 2095, Mhz Limit: 2095

Memory: 4k page, system-wide physical 12286M (3258M free)
TotalPageFile size 31409M (AvailPageFile size 1M)
current process WorkingSet (physical memory assigned to process): 78M, peak: 78M
current process commit charge ("private bytes"): 281M, peak: 281M

vm_info: OpenJDK 64-Bit Server VM (17.0.11+9) for windows-amd64 JRE (17.0.11+9), built on Apr 17 2024 06:07:48 by "admin" with MS VC++ 16.10 / 16.11 (VS2019)

END.
